2024-11-26 16:10:04.059 [info] [main] Log level: Info
2024-11-26 16:10:04.059 [info] [main] Validating found git in: "git"
2024-11-26 16:10:04.059 [info] [main] Using git "2.47.0" from "git"
2024-11-26 16:10:04.059 [info] [Model][doInitialScan] Initial repository scan started
2024-11-26 16:10:04.059 [info] > git rev-parse --show-toplevel [9ms]
2024-11-26 16:10:04.060 [info] > git rev-parse --git-dir --git-common-dir [1ms]
2024-11-26 16:10:04.071 [info] [Model][openRepository] Opened repository: /home/clinton/arch-hypr-dots
2024-11-26 16:10:04.088 [info] > git rev-parse --show-toplevel [7ms]
2024-11-26 16:10:04.089 [info] > git config --get commit.template [11ms]
2024-11-26 16:10:04.102 [info] > git for-each-ref --format=%(refname)%00%(upstream:short)%00%(objectname)%00%(upstream:track)%00%(upstream:remotename)%00%(upstream:remoteref) refs/heads/main refs/remotes/main [2ms]
2024-11-26 16:10:04.103 [info] > git rev-parse --show-toplevel [8ms]
2024-11-26 16:10:04.140 [info] > git rev-parse --show-toplevel [14ms]
2024-11-26 16:10:04.143 [info] [Model][doInitialScan] Initial repository scan completed - repositories (1), closed repositories (0), parent repositories (0), unsafe repositories (0)
2024-11-26 16:10:04.160 [info] > git for-each-ref --sort -committerdate --format %(refname) %(objectname) %(*objectname) [6ms]
2024-11-26 16:10:04.191 [info] > git status -z -uall [42ms]
2024-11-26 16:10:04.207 [info] > git for-each-ref --format=%(refname)%00%(upstream:short)%00%(objectname)%00%(upstream:track)%00%(upstream:remotename)%00%(upstream:remoteref) refs/heads/main refs/remotes/main [4ms]
2024-11-26 16:10:04.219 [info] > git config --local branch.main.vscode-merge-base [7ms]
2024-11-26 16:10:04.219 [warning] [Git][config] git config failed: Failed to execute git
2024-11-26 16:10:04.224 [info] > git config --get commit.template [6ms]
2024-11-26 16:10:04.258 [info] > git reflog main --grep-reflog=branch: Created from *. [35ms]
2024-11-26 16:10:04.288 [info] > git symbolic-ref --short refs/remotes/origin/HEAD [26ms]
2024-11-26 16:10:04.294 [info] > git for-each-ref --format=%(refname)%00%(upstream:short)%00%(objectname)%00%(upstream:track)%00%(upstream:remotename)%00%(upstream:remoteref) refs/heads/origin/main refs/remotes/origin/main [1ms]
2024-11-26 16:10:04.299 [info] > git for-each-ref --format=%(refname)%00%(upstream:short)%00%(objectname)%00%(upstream:track)%00%(upstream:remotename)%00%(upstream:remoteref) refs/heads/main refs/remotes/main [12ms]
2024-11-26 16:10:04.326 [info] > git config --local branch.main.vscode-merge-base origin/main [28ms]
2024-11-26 16:10:04.340 [info] > git config --get commit.template [9ms]
2024-11-26 16:10:04.345 [info] > git for-each-ref --format=%(refname)%00%(upstream:short)%00%(objectname)%00%(upstream:track)%00%(upstream:remotename)%00%(upstream:remoteref) refs/heads/main refs/remotes/main [7ms]
2024-11-26 16:10:04.350 [info] > git for-each-ref --format=%(refname)%00%(upstream:short)%00%(objectname)%00%(upstream:track)%00%(upstream:remotename)%00%(upstream:remoteref) refs/heads/main refs/remotes/main [6ms]
2024-11-26 16:10:04.351 [info] > git config --local branch.main.vscode-merge-base [2ms]
2024-11-26 16:10:04.367 [info] > git for-each-ref --sort -committerdate --format %(refname) %(objectname) %(*objectname) [3ms]
2024-11-26 16:10:04.370 [info] > git for-each-ref --format=%(refname)%00%(upstream:short)%00%(objectname)%00%(upstream:track)%00%(upstream:remotename)%00%(upstream:remoteref) refs/heads/origin/main refs/remotes/origin/main [15ms]
2024-11-26 16:10:04.378 [info] > git merge-base refs/heads/main refs/remotes/origin/main [1ms]
2024-11-26 16:10:04.385 [info] > git diff --name-status -z --diff-filter=ADMR ca4424ecaaccc32bd468653d0a6bb09261d5d835...refs/remotes/origin/main [2ms]
2024-11-26 16:10:04.403 [info] > git status -z -uall [44ms]
2024-11-26 16:10:04.628 [info] > git check-ignore -v -z --stdin [22ms]
2024-11-26 16:10:06.402 [info] > git config --get commit.template [18ms]
2024-11-26 16:10:06.405 [info] > git for-each-ref --format=%(refname)%00%(upstream:short)%00%(objectname)%00%(upstream:track)%00%(upstream:remotename)%00%(upstream:remoteref) refs/heads/main refs/remotes/main [4ms]
2024-11-26 16:10:06.431 [info] > git for-each-ref --sort -committerdate --format %(refname) %(objectname) %(*objectname) [3ms]
2024-11-26 16:10:06.459 [info] > git status -z -uall [46ms]
2024-11-26 16:10:08.466 [info] > git check-ignore -v -z --stdin [30ms]
2024-11-26 16:10:09.852 [info] > git log --format=%H%n%aN%n%aE%n%at%n%ct%n%P%n%D%n%B -z --shortstat --diff-merges=first-parent -n50 --skip=0 --topo-order --decorate=full --stdin [2067ms]
2024-11-26 16:10:10.681 [info] > git check-ignore -v -z --stdin [3ms]
2024-11-26 16:10:11.481 [info] > git config --get commit.template [5ms]
2024-11-26 16:10:11.482 [info] > git for-each-ref --format=%(refname)%00%(upstream:short)%00%(objectname)%00%(upstream:track)%00%(upstream:remotename)%00%(upstream:remoteref) refs/heads/main refs/remotes/main [1ms]
2024-11-26 16:10:11.499 [info] > git for-each-ref --sort -committerdate --format %(refname) %(objectname) %(*objectname) [2ms]
2024-11-26 16:10:11.531 [info] > git status -z -uall [44ms]
2024-11-26 16:10:12.202 [info] > git check-ignore -v -z --stdin [7ms]
2024-11-26 16:10:14.928 [info] > git check-ignore -v -z --stdin [10ms]
2024-11-26 16:10:16.570 [info] > git config --get commit.template [17ms]
2024-11-26 16:10:16.573 [info] > git for-each-ref --format=%(refname)%00%(upstream:short)%00%(objectname)%00%(upstream:track)%00%(upstream:remotename)%00%(upstream:remoteref) refs/heads/main refs/remotes/main [5ms]
2024-11-26 16:10:16.594 [info] > git for-each-ref --sort -committerdate --format %(refname) %(objectname) %(*objectname) [4ms]
2024-11-26 16:10:16.627 [info] > git status -z -uall [45ms]
2024-11-26 16:10:16.936 [info] > git check-ignore -v -z --stdin [19ms]
2024-11-26 16:10:23.543 [info] > git config --get commit.template [17ms]
2024-11-26 16:10:23.547 [info] > git for-each-ref --format=%(refname)%00%(upstream:short)%00%(objectname)%00%(upstream:track)%00%(upstream:remotename)%00%(upstream:remoteref) refs/heads/main refs/remotes/main [6ms]
2024-11-26 16:10:23.583 [info] > git for-each-ref --sort -committerdate --format %(refname) %(objectname) %(*objectname) [5ms]
2024-11-26 16:10:23.616 [info] > git status -z -uall [56ms]
2024-11-26 16:10:28.647 [info] > git config --get commit.template [9ms]
2024-11-26 16:10:28.650 [info] > git for-each-ref --format=%(refname)%00%(upstream:short)%00%(objectname)%00%(upstream:track)%00%(upstream:remotename)%00%(upstream:remoteref) refs/heads/main refs/remotes/main [3ms]
2024-11-26 16:10:28.667 [info] > git for-each-ref --sort -committerdate --format %(refname) %(objectname) %(*objectname) [1ms]
2024-11-26 16:10:28.704 [info] > git status -z -uall [48ms]
2024-11-26 16:10:33.746 [info] > git config --get commit.template [19ms]
2024-11-26 16:10:33.749 [info] > git for-each-ref --format=%(refname)%00%(upstream:short)%00%(objectname)%00%(upstream:track)%00%(upstream:remotename)%00%(upstream:remoteref) refs/heads/main refs/remotes/main [6ms]
2024-11-26 16:10:33.789 [info] > git for-each-ref --sort -committerdate --format %(refname) %(objectname) %(*objectname) [3ms]
2024-11-26 16:10:33.820 [info] > git status -z -uall [55ms]
2024-11-26 16:10:36.673 [info] > git diff-tree -r --name-status -z --diff-filter=ADMR 1e362a7824e547a7b98abe7a46b05b7c023e1afc ca4424ecaaccc32bd468653d0a6bb09261d5d835 [8ms]
2024-11-26 16:10:36.735 [info] > git show --textconv 1e362a7824e547a7b98abe7a46b05b7c023e1afc:home/user/.bashrc [13ms]
2024-11-26 16:10:36.735 [info] > git show --textconv ca4424ecaaccc32bd468653d0a6bb09261d5d835:home/user/.bashrc [7ms]
2024-11-26 16:10:36.735 [info] > git show --textconv 1e362a7824e547a7b98abe7a46b05b7c023e1afc:home/user/.bashrc.d/aliases [2ms]
2024-11-26 16:10:36.968 [info] > git show --textconv ca4424ecaaccc32bd468653d0a6bb09261d5d835:home/user/.bashrc.d/aliases [227ms]
2024-11-26 16:10:36.968 [info] > git show --textconv 1e362a7824e547a7b98abe7a46b05b7c023e1afc:home/user/.bashrc.d/check [222ms]
2024-11-26 16:10:36.968 [info] > git show --textconv ca4424ecaaccc32bd468653d0a6bb09261d5d835:home/user/.bashrc.d/check [217ms]
2024-11-26 16:10:36.968 [info] > git show --textconv 1e362a7824e547a7b98abe7a46b05b7c023e1afc:home/user/.bashrc.d/env-vars [213ms]
2024-11-26 16:10:36.968 [info] > git show --textconv ca4424ecaaccc32bd468653d0a6bb09261d5d835:home/user/.bashrc.d/env-vars [208ms]
2024-11-26 16:10:36.968 [info] > git show --textconv 1e362a7824e547a7b98abe7a46b05b7c023e1afc:home/user/.bashrc.d/final-inits [204ms]
2024-11-26 16:10:36.968 [info] > git show --textconv ca4424ecaaccc32bd468653d0a6bb09261d5d835:home/user/.bashrc.d/final-inits [199ms]
2024-11-26 16:10:36.968 [info] > git show --textconv 1e362a7824e547a7b98abe7a46b05b7c023e1afc:home/user/.bashrc.d/functions [195ms]
2024-11-26 16:10:36.968 [info] > git show --textconv ca4424ecaaccc32bd468653d0a6bb09261d5d835:home/user/.bashrc.d/functions [190ms]
2024-11-26 16:10:36.968 [info] > git show --textconv 1e362a7824e547a7b98abe7a46b05b7c023e1afc:home/user/.bashrc.d/pkgs.d/pkg-init [186ms]
2024-11-26 16:10:36.968 [info] > git show --textconv ca4424ecaaccc32bd468653d0a6bb09261d5d835:home/user/.bashrc.d/pkgs.d/pkg-init [181ms]
2024-11-26 16:10:36.968 [info] > git show --textconv 1e362a7824e547a7b98abe7a46b05b7c023e1afc:home/user/.bashrc.d/pkgs.d/pkgs/nvm [176ms]
2024-11-26 16:10:36.968 [info] > git show --textconv ca4424ecaaccc32bd468653d0a6bb09261d5d835:home/user/.bashrc.d/pkgs.d/pkgs/nvm [172ms]
2024-11-26 16:10:36.968 [info] > git show --textconv 1e362a7824e547a7b98abe7a46b05b7c023e1afc:home/user/.bashrc.d/prompt [167ms]
2024-11-26 16:10:36.968 [info] > git show --textconv ca4424ecaaccc32bd468653d0a6bb09261d5d835:home/user/.bashrc.d/prompt [162ms]
2024-11-26 16:10:36.968 [info] > git show --textconv 1e362a7824e547a7b98abe7a46b05b7c023e1afc:home/user/.bashrc.d/scripts [158ms]
2024-11-26 16:10:36.968 [info] > git show --textconv ca4424ecaaccc32bd468653d0a6bb09261d5d835:home/user/.bashrc.d/scripts [154ms]
2024-11-26 16:10:36.968 [info] > git show --textconv 1e362a7824e547a7b98abe7a46b05b7c023e1afc:home/user/.bashrc.d/shell-opts [149ms]
2024-11-26 16:10:36.968 [info] > git show --textconv ca4424ecaaccc32bd468653d0a6bb09261d5d835:home/user/.bashrc.d/shell-opts [144ms]
2024-11-26 16:10:36.968 [info] > git show --textconv 1e362a7824e547a7b98abe7a46b05b7c023e1afc:home/user/.config/nvim/lazy-lock.json [139ms]
2024-11-26 16:10:36.968 [info] > git show --textconv ca4424ecaaccc32bd468653d0a6bb09261d5d835:home/user/.config/nvim/lazy-lock.json [135ms]
2024-11-26 16:10:36.969 [info] > git ls-tree -l 1e362a7824e547a7b98abe7a46b05b7c023e1afc -- /home/clinton/arch-hypr-dots/home/user/.config/nvim/lazy-lock.json [11ms]
2024-11-26 16:10:36.969 [info] > git ls-tree -l ca4424ecaaccc32bd468653d0a6bb09261d5d835 -- /home/clinton/arch-hypr-dots/home/user/.bashrc.d/shell-opts [16ms]
2024-11-26 16:10:36.970 [info] > git ls-tree -l 1e362a7824e547a7b98abe7a46b05b7c023e1afc -- /home/clinton/arch-hypr-dots/home/user/.bashrc.d/shell-opts [22ms]
2024-11-26 16:10:36.970 [info] > git ls-tree -l ca4424ecaaccc32bd468653d0a6bb09261d5d835 -- /home/clinton/arch-hypr-dots/home/user/.bashrc.d/scripts [26ms]
2024-11-26 16:10:36.971 [info] > git ls-tree -l 1e362a7824e547a7b98abe7a46b05b7c023e1afc -- /home/clinton/arch-hypr-dots/home/user/.bashrc.d/scripts [32ms]
2024-11-26 16:10:36.971 [info] > git ls-tree -l ca4424ecaaccc32bd468653d0a6bb09261d5d835 -- /home/clinton/arch-hypr-dots/home/user/.bashrc.d/prompt [37ms]
2024-11-26 16:10:36.972 [info] > git ls-tree -l 1e362a7824e547a7b98abe7a46b05b7c023e1afc -- /home/clinton/arch-hypr-dots/home/user/.bashrc.d/prompt [43ms]
2024-11-26 16:10:36.972 [info] > git ls-tree -l ca4424ecaaccc32bd468653d0a6bb09261d5d835 -- /home/clinton/arch-hypr-dots/home/user/.bashrc.d/pkgs.d/pkgs/nvm [47ms]
2024-11-26 16:10:36.973 [info] > git ls-tree -l 1e362a7824e547a7b98abe7a46b05b7c023e1afc -- /home/clinton/arch-hypr-dots/home/user/.bashrc.d/pkgs.d/pkgs/nvm [53ms]
2024-11-26 16:10:36.974 [info] > git ls-tree -l ca4424ecaaccc32bd468653d0a6bb09261d5d835 -- /home/clinton/arch-hypr-dots/home/user/.bashrc.d/pkgs.d/pkg-init [60ms]
2024-11-26 16:10:36.974 [info] > git ls-tree -l 1e362a7824e547a7b98abe7a46b05b7c023e1afc -- /home/clinton/arch-hypr-dots/home/user/.bashrc.d/pkgs.d/pkg-init [65ms]
2024-11-26 16:10:36.975 [info] > git ls-tree -l ca4424ecaaccc32bd468653d0a6bb09261d5d835 -- /home/clinton/arch-hypr-dots/home/user/.bashrc.d/functions [73ms]
2024-11-26 16:10:36.975 [info] > git ls-tree -l 1e362a7824e547a7b98abe7a46b05b7c023e1afc -- /home/clinton/arch-hypr-dots/home/user/.bashrc.d/functions [78ms]
2024-11-26 16:10:36.976 [info] > git ls-tree -l ca4424ecaaccc32bd468653d0a6bb09261d5d835 -- /home/clinton/arch-hypr-dots/home/user/.bashrc.d/final-inits [86ms]
2024-11-26 16:10:36.976 [info] > git ls-tree -l 1e362a7824e547a7b98abe7a46b05b7c023e1afc -- /home/clinton/arch-hypr-dots/home/user/.bashrc.d/final-inits [92ms]
2024-11-26 16:10:36.976 [info] > git ls-tree -l ca4424ecaaccc32bd468653d0a6bb09261d5d835 -- /home/clinton/arch-hypr-dots/home/user/.bashrc.d/env-vars [98ms]
2024-11-26 16:10:36.977 [info] > git ls-tree -l 1e362a7824e547a7b98abe7a46b05b7c023e1afc -- /home/clinton/arch-hypr-dots/home/user/.bashrc.d/env-vars [106ms]
2024-11-26 16:10:36.977 [info] > git ls-tree -l ca4424ecaaccc32bd468653d0a6bb09261d5d835 -- /home/clinton/arch-hypr-dots/home/user/.bashrc.d/check [111ms]
2024-11-26 16:10:36.977 [info] > git ls-tree -l 1e362a7824e547a7b98abe7a46b05b7c023e1afc -- /home/clinton/arch-hypr-dots/home/user/.bashrc.d/check [119ms]
2024-11-26 16:10:36.978 [info] > git ls-tree -l ca4424ecaaccc32bd468653d0a6bb09261d5d835 -- /home/clinton/arch-hypr-dots/home/user/.bashrc.d/aliases [125ms]
2024-11-26 16:10:36.978 [info] > git ls-tree -l 1e362a7824e547a7b98abe7a46b05b7c023e1afc -- /home/clinton/arch-hypr-dots/home/user/.bashrc.d/aliases [130ms]
2024-11-26 16:10:36.978 [info] > git ls-tree -l ca4424ecaaccc32bd468653d0a6bb09261d5d835 -- /home/clinton/arch-hypr-dots/home/user/.bashrc [136ms]
2024-11-26 16:10:36.979 [info] > git ls-tree -l 1e362a7824e547a7b98abe7a46b05b7c023e1afc -- /home/clinton/arch-hypr-dots/home/user/.bashrc [140ms]
2024-11-26 16:10:36.988 [info] > git ls-tree -l ca4424ecaaccc32bd468653d0a6bb09261d5d835 -- /home/clinton/arch-hypr-dots/home/user/.config/nvim/lazy-lock.json [26ms]
2024-11-26 16:10:37.477 [info] > git check-ignore -v -z --stdin [4ms]
2024-11-26 16:10:38.863 [info] > git config --get commit.template [18ms]
2024-11-26 16:10:38.866 [info] > git for-each-ref --format=%(refname)%00%(upstream:short)%00%(objectname)%00%(upstream:track)%00%(upstream:remotename)%00%(upstream:remoteref) refs/heads/main refs/remotes/main [6ms]
2024-11-26 16:10:38.911 [info] > git for-each-ref --sort -committerdate --format %(refname) %(objectname) %(*objectname) [4ms]
2024-11-26 16:10:38.947 [info] > git status -z -uall [65ms]
2024-11-26 16:10:43.962 [info] > git config --get commit.template [5ms]
2024-11-26 16:10:43.963 [info] > git for-each-ref --format=%(refname)%00%(upstream:short)%00%(objectname)%00%(upstream:track)%00%(upstream:remotename)%00%(upstream:remoteref) refs/heads/main refs/remotes/main [2ms]
2024-11-26 16:10:43.981 [info] > git for-each-ref --sort -committerdate --format %(refname) %(objectname) %(*objectname) [3ms]
2024-11-26 16:10:44.012 [info] > git status -z -uall [44ms]
2024-11-26 16:10:49.053 [info] > git config --get commit.template [19ms]
2024-11-26 16:10:49.056 [info] > git for-each-ref --format=%(refname)%00%(upstream:short)%00%(objectname)%00%(upstream:track)%00%(upstream:remotename)%00%(upstream:remoteref) refs/heads/main refs/remotes/main [5ms]
2024-11-26 16:10:49.092 [info] > git for-each-ref --sort -committerdate --format %(refname) %(objectname) %(*objectname) [5ms]
2024-11-26 16:10:49.124 [info] > git status -z -uall [52ms]
2024-11-26 16:10:54.164 [info] > git config --get commit.template [17ms]
2024-11-26 16:10:54.167 [info] > git for-each-ref --format=%(refname)%00%(upstream:short)%00%(objectname)%00%(upstream:track)%00%(upstream:remotename)%00%(upstream:remoteref) refs/heads/main refs/remotes/main [5ms]
2024-11-26 16:10:54.210 [info] > git for-each-ref --sort -committerdate --format %(refname) %(objectname) %(*objectname) [2ms]
2024-11-26 16:10:54.237 [info] > git status -z -uall [54ms]
2024-11-26 16:10:59.276 [info] > git config --get commit.template [17ms]
2024-11-26 16:10:59.278 [info] > git for-each-ref --format=%(refname)%00%(upstream:short)%00%(objectname)%00%(upstream:track)%00%(upstream:remotename)%00%(upstream:remoteref) refs/heads/main refs/remotes/main [4ms]
2024-11-26 16:10:59.303 [info] > git for-each-ref --sort -committerdate --format %(refname) %(objectname) %(*objectname) [3ms]
2024-11-26 16:10:59.331 [info] > git status -z -uall [45ms]
2024-11-26 16:11:04.372 [info] > git config --get commit.template [21ms]
2024-11-26 16:11:04.374 [info] > git for-each-ref --format=%(refname)%00%(upstream:short)%00%(objectname)%00%(upstream:track)%00%(upstream:remotename)%00%(upstream:remoteref) refs/heads/main refs/remotes/main [6ms]
2024-11-26 16:11:04.404 [info] > git for-each-ref --sort -committerdate --format %(refname) %(objectname) %(*objectname) [4ms]
2024-11-26 16:11:04.434 [info] > git status -z -uall [50ms]
2024-11-26 16:11:14.756 [info] > git log --format=%H%n%aN%n%aE%n%at%n%ct%n%P%n%D%n%B -z --shortstat --diff-merges=first-parent -n50 --skip=0 --topo-order --decorate=full --stdin [1030ms]
2024-11-26 16:11:15.022 [info] > git for-each-ref --format=%(refname)%00%(upstream:short)%00%(objectname)%00%(upstream:track)%00%(upstream:remotename)%00%(upstream:remoteref) refs/heads/main refs/remotes/main [5ms]
2024-11-26 16:11:15.023 [info] > git config --get commit.template [21ms]
2024-11-26 16:11:15.051 [info] > git for-each-ref --sort -committerdate --format %(refname) %(objectname) %(*objectname) [7ms]
2024-11-26 16:11:15.084 [info] > git status -z -uall [51ms]
2024-11-26 16:11:18.197 [info] > git diff-tree -r --name-status -z --diff-filter=ADMR 1e362a7824e547a7b98abe7a46b05b7c023e1afc ca4424ecaaccc32bd468653d0a6bb09261d5d835 [4ms]
2024-11-26 16:11:20.003 [info] > git diff-tree -r --name-status -z --diff-filter=ADMR 1e362a7824e547a7b98abe7a46b05b7c023e1afc ca4424ecaaccc32bd468653d0a6bb09261d5d835 [12ms]
2024-11-26 16:11:20.124 [info] > git config --get commit.template [18ms]
2024-11-26 16:11:20.128 [info] > git for-each-ref --format=%(refname)%00%(upstream:short)%00%(objectname)%00%(upstream:track)%00%(upstream:remotename)%00%(upstream:remoteref) refs/heads/main refs/remotes/main [6ms]
2024-11-26 16:11:20.170 [info] > git for-each-ref --sort -committerdate --format %(refname) %(objectname) %(*objectname) [5ms]
2024-11-26 16:11:20.199 [info] > git status -z -uall [57ms]
2024-11-26 16:11:25.238 [info] > git config --get commit.template [18ms]
2024-11-26 16:11:25.242 [info] > git for-each-ref --format=%(refname)%00%(upstream:short)%00%(objectname)%00%(upstream:track)%00%(upstream:remotename)%00%(upstream:remoteref) refs/heads/main refs/remotes/main [5ms]
2024-11-26 16:11:25.290 [info] > git for-each-ref --sort -committerdate --format %(refname) %(objectname) %(*objectname) [3ms]
2024-11-26 16:11:25.322 [info] > git status -z -uall [64ms]
2024-11-26 16:11:27.052 [info] > git log --format=%H%n%aN%n%aE%n%at%n%ct%n%P%n%D%n%B -z --shortstat --diff-merges=first-parent -n50 --skip=0 --topo-order --decorate=full --stdin [1005ms]
2024-11-26 16:11:30.337 [info] > git config --get commit.template [6ms]
2024-11-26 16:11:30.339 [info] > git for-each-ref --format=%(refname)%00%(upstream:short)%00%(objectname)%00%(upstream:track)%00%(upstream:remotename)%00%(upstream:remoteref) refs/heads/main refs/remotes/main [1ms]
2024-11-26 16:11:30.356 [info] > git for-each-ref --sort -committerdate --format %(refname) %(objectname) %(*objectname) [4ms]
2024-11-26 16:11:30.386 [info] > git status -z -uall [42ms]
2024-11-26 16:11:35.404 [info] > git config --get commit.template [5ms]
2024-11-26 16:11:35.406 [info] > git for-each-ref --format=%(refname)%00%(upstream:short)%00%(objectname)%00%(upstream:track)%00%(upstream:remotename)%00%(upstream:remoteref) refs/heads/main refs/remotes/main [2ms]
2024-11-26 16:11:35.422 [info] > git for-each-ref --sort -committerdate --format %(refname) %(objectname) %(*objectname) [3ms]
2024-11-26 16:11:35.457 [info] > git status -z -uall [46ms]
