2024-11-26 16:09:59.967 [info] Started local extension host with pid 15529.
2024-11-26 16:10:00.557 [info] Settings Sync: Updating due to initialize
2024-11-26 16:10:00.557 [info] Settings Sync: Updating authentication providers. Authentication Providers from store: [{"id":"github","scopes":["user:email"]},{"id":"microsoft","scopes":["openid","profile","email","offline_access"]}]
2024-11-26 16:10:00.557 [info] Settings Sync: Authentication providers updated []
2024-11-26 16:10:00.610 [info] Settings Sync: Updating authentication providers. Authentication Providers from store: [{"id":"github","scopes":["user:email"]},{"id":"microsoft","scopes":["openid","profile","email","offline_access"]}]
2024-11-26 16:10:00.610 [info] Settings Sync: Authentication providers updated ["github"]
2024-11-26 16:10:00.612 [info] Settings Sync: Updating authentication providers. Authentication Providers from store: [{"id":"github","scopes":["user:email"]},{"id":"microsoft","scopes":["openid","profile","email","offline_access"]}]
2024-11-26 16:10:00.614 [info] Settings Sync: Authentication providers updated ["github"]
2024-11-26 16:10:00.614 [info] Settings Sync: Updating authentication providers. Authentication Providers from store: [{"id":"github","scopes":["user:email"]},{"id":"microsoft","scopes":["openid","profile","email","offline_access"]}]
2024-11-26 16:10:00.614 [info] Settings Sync: Authentication providers updated ["github","microsoft"]
2024-11-26 16:10:00.614 [info] Settings Sync: Updating authentication providers. Authentication Providers from store: [{"id":"github","scopes":["user:email"]},{"id":"microsoft","scopes":["openid","profile","email","offline_access"]}]
2024-11-26 16:10:00.614 [info] Settings Sync: Authentication providers updated ["github","microsoft"]
2024-11-26 16:10:00.634 [info] Settings Sync: Updating due to declared authentication providers changed
2024-11-26 16:10:00.634 [info] Settings Sync: Updating authentication providers. Authentication Providers from store: [{"id":"github","scopes":["user:email"]},{"id":"microsoft","scopes":["openid","profile","email","offline_access"]}]
2024-11-26 16:10:00.634 [info] Settings Sync: Authentication providers updated ["github","microsoft"]
2024-11-26 16:10:00.634 [info] Settings Sync: Updating due to declared authentication providers changed
2024-11-26 16:10:00.634 [info] Settings Sync: Updating authentication providers. Authentication Providers from store: [{"id":"github","scopes":["user:email"]},{"id":"microsoft","scopes":["openid","profile","email","offline_access"]}]
2024-11-26 16:10:00.635 [info] Settings Sync: Authentication providers updated ["github","microsoft"]
2024-11-26 16:10:02.691 [info] [perf] Render performance baseline is 51ms
2024-11-26 16:10:04.267 [info] Settings Sync: Updating authentication providers. Authentication Providers from store: [{"id":"github","scopes":["user:email"]},{"id":"microsoft","scopes":["openid","profile","email","offline_access"]}]
2024-11-26 16:10:04.267 [info] Settings Sync: Authentication providers updated ["github","microsoft"]
