2024-11-26 16:12:33.173 [info] Added views:outline in workbench.view.explorer
2024-11-26 16:12:33.173 [info] Added views:workbench.view.search in workbench.view.search
2024-11-26 16:12:33.173 [info] Added views:workbench.scm in workbench.view.scm
2024-11-26 16:12:33.173 [info] Added views:workbench.panel.markers.view in workbench.panel.markers
2024-11-26 16:12:33.173 [info] Added views:workbench.panel.output in workbench.panel.output
2024-11-26 16:12:33.173 [info] Added views:terminal in terminal
2024-11-26 16:12:33.173 [info] Added views:timeline in workbench.view.explorer
2024-11-26 16:12:33.173 [info] Added views:workbench.explorer.fileView in workbench.view.explorer
2024-11-26 16:12:33.698 [info] Added views:workbench.debug.welcome in workbench.view.debug
2024-11-26 16:12:33.742 [info] Added views:workbench.panel.repl.view in workbench.panel.repl
2024-11-26 16:12:33.956 [info] Added views:workbench.scm.history in workbench.view.scm
2024-11-26 16:12:35.276 [info] Added views:~remote.forwardedPorts in ~remote.forwardedPortsContainer
2024-11-26 16:12:45.323 [info] Removed views:workbench.scm.history from workbench.view.scm
2024-11-26 16:12:45.703 [info] Added views:outline in workbench.view.explorer
2024-11-26 16:12:45.703 [info] Added views:workbench.view.search in workbench.view.search
2024-11-26 16:12:45.703 [info] Added views:workbench.scm in workbench.view.scm
2024-11-26 16:12:45.703 [info] Added views:workbench.panel.markers.view in workbench.panel.markers
2024-11-26 16:12:45.703 [info] Added views:workbench.panel.output in workbench.panel.output
2024-11-26 16:12:45.703 [info] Added views:terminal in terminal
2024-11-26 16:12:45.703 [info] Added views:timeline in workbench.view.explorer
2024-11-26 16:12:45.703 [info] Added views:workbench.explorer.emptyView in workbench.view.explorer
2024-11-26 16:12:45.823 [info] Added views:workbench.debug.variablesView,workbench.debug.watchExpressionsView,workbench.debug.callStackView,workbench.debug.breakPointsView in workbench.view.debug
2024-11-26 16:12:46.253 [info] Added views:~remote.forwardedPorts in ~remote.forwardedPortsContainer
2024-11-26 16:12:46.464 [info] Added views:workbench.panel.repl.view in workbench.panel.repl
2024-11-26 16:12:46.467 [info] Removed views:workbench.debug.breakPointsView,workbench.debug.callStackView,workbench.debug.watchExpressionsView,workbench.debug.variablesView from workbench.view.debug
2024-11-26 16:12:46.468 [info] Added views:workbench.debug.welcome in workbench.view.debug
2024-11-26 16:12:51.812 [info] Added views:outline in workbench.view.explorer
2024-11-26 16:12:51.812 [info] Added views:workbench.view.search in workbench.view.search
2024-11-26 16:12:51.812 [info] Added views:workbench.scm in workbench.view.scm
2024-11-26 16:12:51.812 [info] Added views:workbench.panel.markers.view in workbench.panel.markers
2024-11-26 16:12:51.812 [info] Added views:workbench.panel.output in workbench.panel.output
2024-11-26 16:12:51.812 [info] Added views:terminal in terminal
2024-11-26 16:12:51.812 [info] Added views:timeline in workbench.view.explorer
2024-11-26 16:12:51.812 [info] Added views:workbench.explorer.fileView in workbench.view.explorer
2024-11-26 16:12:51.992 [info] Added views:workbench.debug.welcome in workbench.view.debug
2024-11-26 16:12:52.295 [info] Added views:~remote.forwardedPorts in ~remote.forwardedPortsContainer
2024-11-26 16:12:52.502 [info] Added views:workbench.panel.repl.view in workbench.panel.repl
2024-11-26 16:12:52.838 [info] Added views:workbench.scm.history in workbench.view.scm
2024-11-26 16:13:57.456 [info] Added views:workbench.views.extensions.installed,workbench.views.extensions.popular,extensions.recommendedList in workbench.view.extensions
2024-11-26 16:13:57.459 [info] Removed views:workbench.views.extensions.popular from workbench.view.extensions
2024-11-26 16:14:02.376 [info] Added views:codeium.chatPanelView in workbench.view.extension.codeium
2024-11-26 16:14:02.378 [info] Added views:workspaceEnvironments,pythonEnvironments in workbench.view.extension.package-explorer
2024-11-26 16:14:02.379 [info] Added views:gitlens.views.home,gitlens.views.launchpad,gitlens.views.workspaces in workbench.view.extension.gitlens
2024-11-26 16:14:02.382 [info] Added views:gitlens.views.commitDetails,gitlens.views.lineHistory,gitlens.views.fileHistory,gitlens.views.searchAndCompare in workbench.view.extension.gitlensInspect
2024-11-26 16:14:02.383 [info] Added views:gitlens.views.scm.grouped in workbench.view.scm
2024-11-26 16:14:02.385 [info] Added views:ionic-tree in workbench.view.extension.ionic-recommendation
2024-11-26 16:14:04.301 [info] Removed views:gitlens.views.searchAndCompare,gitlens.views.fileHistory,gitlens.views.lineHistory,gitlens.views.commitDetails from workbench.view.extension.gitlensInspect
2024-11-26 16:14:04.303 [info] Removed views:gitlens.views.scm.grouped from workbench.view.scm
2024-11-26 16:14:04.398 [info] Added views:gitlens.views.drafts in workbench.view.extension.gitlens
2024-11-26 16:14:04.653 [info] Added views:gitlens.views.commitDetails,gitlens.views.lineHistory,gitlens.views.fileHistory,gitlens.views.searchAndCompare in workbench.view.extension.gitlensInspect
2024-11-26 16:14:04.655 [info] Added views:gitlens.views.scm.grouped in workbench.view.scm
2024-11-26 16:14:05.763 [info] Added views:workbench.panel.comments in workbench.panel.comments
2024-11-26 16:14:05.813 [info] Added views:gitlens.views.graph,gitlens.views.graphDetails in workbench.view.extension.gitlensPanel
2024-11-26 16:14:05.813 [info] Added views:gitlens.views.timeline in workbench.view.extension.gitlensInspect
