2024-11-26 16:12:34.788 [info] Reading sessions from keychain...
2024-11-26 16:12:34.798 [info] Getting sessions for all scopes...
2024-11-26 16:12:34.799 [info] Getting sessions for all scopes...
2024-11-26 16:12:34.799 [info] Getting sessions for all scopes...
2024-11-26 16:12:34.944 [info] Getting sessions for read:user,repo,user:email,workflow...
2024-11-26 16:12:34.947 [info] Got 0 sessions for ...
2024-11-26 16:12:34.947 [info] Got 0 sessions for ...
2024-11-26 16:12:34.947 [info] Got 0 sessions for ...
2024-11-26 16:12:34.947 [info] Got 0 sessions for read:user,repo,user:email,workflow...
2024-11-26 16:12:35.173 [info] Getting sessions for all scopes...
2024-11-26 16:12:35.173 [info] Got 0 sessions for ...
2024-11-26 16:12:37.227 [info] Getting sessions for all scopes...
2024-11-26 16:12:37.227 [info] Got 0 sessions for ...
2024-11-26 16:12:53.132 [info] Reading sessions from keychain...
2024-11-26 16:12:53.132 [info] Getting sessions for all scopes...
2024-11-26 16:12:53.132 [info] Getting sessions for all scopes...
2024-11-26 16:12:53.132 [info] Getting sessions for all scopes...
2024-11-26 16:12:53.132 [info] Got 0 sessions for ...
2024-11-26 16:12:53.132 [info] Got 0 sessions for ...
2024-11-26 16:12:53.132 [info] Got 0 sessions for ...
2024-11-26 16:12:53.132 [info] Getting sessions for read:user,repo,user:email,workflow...
2024-11-26 16:12:53.132 [info] Got 0 sessions for read:user,repo,user:email,workflow...
2024-11-26 16:12:54.374 [info] Getting sessions for all scopes...
2024-11-26 16:12:54.374 [info] Got 0 sessions for ...
2024-11-26 16:13:23.478 [info] Getting sessions for user:email...
2024-11-26 16:13:23.478 [info] Got 0 sessions for user:email...
2024-11-26 16:13:26.096 [info] Logging in with 'any' account...
2024-11-26 16:13:26.096 [info] Logging in for the following scopes: user:email
2024-11-26 16:13:26.105 [info] Trying without local server... (user:email)
2024-11-26 16:13:40.338 [info] Exchanging code for token...
2024-11-26 16:13:40.735 [info] Token exchange success!
2024-11-26 16:13:40.736 [info] Getting user info...
2024-11-26 16:13:41.182 [info] Got account info!
2024-11-26 16:13:41.184 [info] Storing 1 sessions...
2024-11-26 16:13:41.194 [info] Reading sessions from keychain...
2024-11-26 16:13:41.194 [info] Stored 1 sessions!
2024-11-26 16:13:41.195 [info] Login success!
2024-11-26 16:13:41.237 [info] Got stored sessions!
2024-11-26 16:13:41.237 [info] Got 1 verified sessions.
2024-11-26 16:13:41.237 [info] Getting sessions for user:email...
2024-11-26 16:13:41.237 [info] Got 1 sessions for user:email...
2024-11-26 16:13:41.239 [info] Getting sessions for read:user,repo,user:email,workflow...
2024-11-26 16:13:41.239 [info] Got 0 sessions for read:user,repo,user:email,workflow...
2024-11-26 16:14:04.594 [info] Getting sessions for read:user,repo,user:email...
2024-11-26 16:14:04.594 [info] Got 0 sessions for read:user,repo,user:email...
2024-11-26 16:17:53.891 [info] Getting sessions for read:user,repo,user:email...
2024-11-26 16:17:53.892 [info] Got 0 sessions for read:user,repo,user:email...
2024-11-26 16:17:54.917 [info] Getting sessions for read:user,repo,user:email...
2024-11-26 16:17:54.918 [info] Got 0 sessions for read:user,repo,user:email...
