2024-11-26 16:12:33.995 [info] [main] Log level: Info
2024-11-26 16:12:33.995 [info] [main] Validating found git in: "git"
2024-11-26 16:12:33.995 [info] [main] Using git "2.47.0" from "git"
2024-11-26 16:12:33.995 [info] [Model][doInitialScan] Initial repository scan started
2024-11-26 16:12:33.995 [info] > git rev-parse --show-toplevel [8ms]
2024-11-26 16:12:33.995 [info] > git rev-parse --git-dir --git-common-dir [22ms]
2024-11-26 16:12:33.995 [info] [Model][openRepository] Opened repository: /home/clinton/arch-hypr-dots
2024-11-26 16:12:33.996 [info] > git rev-parse --show-toplevel [26ms]
2024-11-26 16:12:33.997 [info] > git config --get commit.template [30ms]
2024-11-26 16:12:34.054 [info] > git rev-parse --show-toplevel [29ms]
2024-11-26 16:12:34.073 [info] > git for-each-ref --format=%(refname)%00%(upstream:short)%00%(objectname)%00%(upstream:track)%00%(upstream:remotename)%00%(upstream:remoteref) refs/heads/main refs/remotes/main [24ms]
2024-11-26 16:12:34.075 [info] > git rev-parse --show-toplevel [2ms]
2024-11-26 16:12:34.078 [info] [Model][doInitialScan] Initial repository scan completed - repositories (1), closed repositories (0), parent repositories (0), unsafe repositories (0)
2024-11-26 16:12:34.273 [info] > git show --textconv 1e362a7824e547a7b98abe7a46b05b7c023e1afc:home/user/.bashrc [191ms]
2024-11-26 16:12:34.273 [info] > git show --textconv ca4424ecaaccc32bd468653d0a6bb09261d5d835:home/user/.bashrc [187ms]
2024-11-26 16:12:34.274 [info] > git show --textconv 1e362a7824e547a7b98abe7a46b05b7c023e1afc:home/user/.bashrc.d/aliases [183ms]
2024-11-26 16:12:34.274 [info] > git show --textconv ca4424ecaaccc32bd468653d0a6bb09261d5d835:home/user/.bashrc.d/aliases [179ms]
2024-11-26 16:12:34.274 [info] > git show --textconv 1e362a7824e547a7b98abe7a46b05b7c023e1afc:home/user/.bashrc.d/check [175ms]
2024-11-26 16:12:34.274 [info] > git show --textconv ca4424ecaaccc32bd468653d0a6bb09261d5d835:home/user/.bashrc.d/check [171ms]
2024-11-26 16:12:34.274 [info] > git show --textconv 1e362a7824e547a7b98abe7a46b05b7c023e1afc:home/user/.bashrc.d/env-vars [167ms]
2024-11-26 16:12:34.274 [info] > git show --textconv ca4424ecaaccc32bd468653d0a6bb09261d5d835:home/user/.bashrc.d/env-vars [163ms]
2024-11-26 16:12:34.274 [info] > git show --textconv 1e362a7824e547a7b98abe7a46b05b7c023e1afc:home/user/.bashrc.d/final-inits [159ms]
2024-11-26 16:12:34.274 [info] > git show --textconv ca4424ecaaccc32bd468653d0a6bb09261d5d835:home/user/.bashrc.d/final-inits [155ms]
2024-11-26 16:12:34.274 [info] > git show --textconv 1e362a7824e547a7b98abe7a46b05b7c023e1afc:home/user/.bashrc.d/functions [152ms]
2024-11-26 16:12:34.274 [info] > git show --textconv ca4424ecaaccc32bd468653d0a6bb09261d5d835:home/user/.bashrc.d/functions [148ms]
2024-11-26 16:12:34.274 [info] > git show --textconv 1e362a7824e547a7b98abe7a46b05b7c023e1afc:home/user/.bashrc.d/pkgs.d/pkg-init [144ms]
2024-11-26 16:12:34.274 [info] > git show --textconv ca4424ecaaccc32bd468653d0a6bb09261d5d835:home/user/.bashrc.d/pkgs.d/pkg-init [140ms]
2024-11-26 16:12:34.274 [info] > git show --textconv 1e362a7824e547a7b98abe7a46b05b7c023e1afc:home/user/.bashrc.d/pkgs.d/pkgs/nvm [136ms]
2024-11-26 16:12:34.274 [info] > git show --textconv ca4424ecaaccc32bd468653d0a6bb09261d5d835:home/user/.bashrc.d/pkgs.d/pkgs/nvm [133ms]
2024-11-26 16:12:34.274 [info] > git show --textconv 1e362a7824e547a7b98abe7a46b05b7c023e1afc:home/user/.bashrc.d/prompt [129ms]
2024-11-26 16:12:34.274 [info] > git show --textconv ca4424ecaaccc32bd468653d0a6bb09261d5d835:home/user/.bashrc.d/prompt [125ms]
2024-11-26 16:12:34.274 [info] > git show --textconv 1e362a7824e547a7b98abe7a46b05b7c023e1afc:home/user/.bashrc.d/scripts [121ms]
2024-11-26 16:12:34.274 [info] > git show --textconv ca4424ecaaccc32bd468653d0a6bb09261d5d835:home/user/.bashrc.d/scripts [117ms]
2024-11-26 16:12:34.274 [info] > git show --textconv 1e362a7824e547a7b98abe7a46b05b7c023e1afc:home/user/.bashrc.d/shell-opts [114ms]
2024-11-26 16:12:34.274 [info] > git show --textconv ca4424ecaaccc32bd468653d0a6bb09261d5d835:home/user/.bashrc.d/shell-opts [110ms]
2024-11-26 16:12:34.274 [info] > git show --textconv 1e362a7824e547a7b98abe7a46b05b7c023e1afc:home/user/.config/nvim/lazy-lock.json [106ms]
2024-11-26 16:12:34.274 [info] > git show --textconv ca4424ecaaccc32bd468653d0a6bb09261d5d835:home/user/.config/nvim/lazy-lock.json [102ms]
2024-11-26 16:12:34.274 [info] > git ls-tree -l ca4424ecaaccc32bd468653d0a6bb09261d5d835 -- /home/clinton/arch-hypr-dots/home/user/.config/nvim/lazy-lock.json [8ms]
2024-11-26 16:12:34.275 [info] > git ls-tree -l 1e362a7824e547a7b98abe7a46b05b7c023e1afc -- /home/clinton/arch-hypr-dots/home/user/.config/nvim/lazy-lock.json [13ms]
2024-11-26 16:12:34.276 [info] > git ls-tree -l ca4424ecaaccc32bd468653d0a6bb09261d5d835 -- /home/clinton/arch-hypr-dots/home/user/.bashrc.d/shell-opts [18ms]
2024-11-26 16:12:34.276 [info] > git ls-tree -l 1e362a7824e547a7b98abe7a46b05b7c023e1afc -- /home/clinton/arch-hypr-dots/home/user/.bashrc.d/shell-opts [22ms]
2024-11-26 16:12:34.277 [info] > git ls-tree -l ca4424ecaaccc32bd468653d0a6bb09261d5d835 -- /home/clinton/arch-hypr-dots/home/user/.bashrc.d/scripts [26ms]
2024-11-26 16:12:34.277 [info] > git ls-tree -l 1e362a7824e547a7b98abe7a46b05b7c023e1afc -- /home/clinton/arch-hypr-dots/home/user/.bashrc.d/scripts [30ms]
2024-11-26 16:12:34.278 [info] > git ls-tree -l ca4424ecaaccc32bd468653d0a6bb09261d5d835 -- /home/clinton/arch-hypr-dots/home/user/.bashrc.d/prompt [35ms]
2024-11-26 16:12:34.278 [info] > git ls-tree -l 1e362a7824e547a7b98abe7a46b05b7c023e1afc -- /home/clinton/arch-hypr-dots/home/user/.bashrc.d/prompt [39ms]
2024-11-26 16:12:34.279 [info] > git ls-tree -l ca4424ecaaccc32bd468653d0a6bb09261d5d835 -- /home/clinton/arch-hypr-dots/home/user/.bashrc.d/pkgs.d/pkgs/nvm [44ms]
2024-11-26 16:12:34.279 [info] > git ls-tree -l 1e362a7824e547a7b98abe7a46b05b7c023e1afc -- /home/clinton/arch-hypr-dots/home/user/.bashrc.d/pkgs.d/pkgs/nvm [47ms]
2024-11-26 16:12:34.280 [info] > git ls-tree -l ca4424ecaaccc32bd468653d0a6bb09261d5d835 -- /home/clinton/arch-hypr-dots/home/user/.bashrc.d/pkgs.d/pkg-init [52ms]
2024-11-26 16:12:34.280 [info] > git ls-tree -l 1e362a7824e547a7b98abe7a46b05b7c023e1afc -- /home/clinton/arch-hypr-dots/home/user/.bashrc.d/pkgs.d/pkg-init [56ms]
2024-11-26 16:12:34.281 [info] > git ls-tree -l ca4424ecaaccc32bd468653d0a6bb09261d5d835 -- /home/clinton/arch-hypr-dots/home/user/.bashrc.d/functions [61ms]
2024-11-26 16:12:34.281 [info] > git ls-tree -l 1e362a7824e547a7b98abe7a46b05b7c023e1afc -- /home/clinton/arch-hypr-dots/home/user/.bashrc.d/functions [65ms]
2024-11-26 16:12:34.282 [info] > git ls-tree -l ca4424ecaaccc32bd468653d0a6bb09261d5d835 -- /home/clinton/arch-hypr-dots/home/user/.bashrc.d/final-inits [70ms]
2024-11-26 16:12:34.282 [info] > git ls-tree -l 1e362a7824e547a7b98abe7a46b05b7c023e1afc -- /home/clinton/arch-hypr-dots/home/user/.bashrc.d/final-inits [74ms]
2024-11-26 16:12:34.283 [info] > git ls-tree -l ca4424ecaaccc32bd468653d0a6bb09261d5d835 -- /home/clinton/arch-hypr-dots/home/user/.bashrc.d/env-vars [78ms]
2024-11-26 16:12:34.283 [info] > git ls-tree -l 1e362a7824e547a7b98abe7a46b05b7c023e1afc -- /home/clinton/arch-hypr-dots/home/user/.bashrc.d/env-vars [83ms]
2024-11-26 16:12:34.283 [info] > git ls-tree -l ca4424ecaaccc32bd468653d0a6bb09261d5d835 -- /home/clinton/arch-hypr-dots/home/user/.bashrc.d/check [87ms]
2024-11-26 16:12:34.284 [info] > git ls-tree -l 1e362a7824e547a7b98abe7a46b05b7c023e1afc -- /home/clinton/arch-hypr-dots/home/user/.bashrc.d/check [93ms]
2024-11-26 16:12:34.284 [info] > git ls-tree -l ca4424ecaaccc32bd468653d0a6bb09261d5d835 -- /home/clinton/arch-hypr-dots/home/user/.bashrc.d/aliases [96ms]
2024-11-26 16:12:34.285 [info] > git ls-tree -l 1e362a7824e547a7b98abe7a46b05b7c023e1afc -- /home/clinton/arch-hypr-dots/home/user/.bashrc.d/aliases [101ms]
2024-11-26 16:12:34.285 [info] > git ls-tree -l ca4424ecaaccc32bd468653d0a6bb09261d5d835 -- /home/clinton/arch-hypr-dots/home/user/.bashrc [105ms]
2024-11-26 16:12:34.286 [info] > git ls-tree -l 1e362a7824e547a7b98abe7a46b05b7c023e1afc -- /home/clinton/arch-hypr-dots/home/user/.bashrc [110ms]
2024-11-26 16:12:34.311 [info] > git for-each-ref --sort -committerdate --format %(refname) %(objectname) %(*objectname) [1ms]
2024-11-26 16:12:34.466 [info] > git status -z -uall [163ms]
2024-11-26 16:12:34.490 [info] > git for-each-ref --format=%(refname)%00%(upstream:short)%00%(objectname)%00%(upstream:track)%00%(upstream:remotename)%00%(upstream:remoteref) refs/heads/main refs/remotes/main [12ms]
2024-11-26 16:12:34.498 [info] > git config --local branch.main.vscode-merge-base [4ms]
2024-11-26 16:12:34.503 [info] > git config --get commit.template [13ms]
2024-11-26 16:12:34.542 [info] > git for-each-ref --format=%(refname)%00%(upstream:short)%00%(objectname)%00%(upstream:track)%00%(upstream:remotename)%00%(upstream:remoteref) refs/heads/origin/main refs/remotes/origin/main [40ms]
2024-11-26 16:12:34.612 [info] > git check-ignore -v -z --stdin [105ms]
2024-11-26 16:12:34.613 [info] > git merge-base refs/heads/main refs/remotes/origin/main [66ms]
2024-11-26 16:12:34.649 [info] > git diff --name-status -z --diff-filter=ADMR ca4424ecaaccc32bd468653d0a6bb09261d5d835...refs/remotes/origin/main [31ms]
2024-11-26 16:12:34.650 [info] > git for-each-ref --format=%(refname)%00%(upstream:short)%00%(objectname)%00%(upstream:track)%00%(upstream:remotename)%00%(upstream:remoteref) refs/heads/main refs/remotes/main [67ms]
2024-11-26 16:12:34.681 [info] > git for-each-ref --sort -committerdate --format %(refname) %(objectname) %(*objectname) [1ms]
2024-11-26 16:12:34.716 [info] > git status -z -uall [51ms]
2024-11-26 16:12:39.669 [info] > git config --get commit.template [18ms]
2024-11-26 16:12:39.673 [info] > git for-each-ref --format=%(refname)%00%(upstream:short)%00%(objectname)%00%(upstream:track)%00%(upstream:remotename)%00%(upstream:remoteref) refs/heads/main refs/remotes/main [5ms]
2024-11-26 16:12:39.721 [info] > git for-each-ref --sort -committerdate --format %(refname) %(objectname) %(*objectname) [6ms]
2024-11-26 16:12:39.753 [info] > git status -z -uall [64ms]
2024-11-26 16:12:44.769 [info] > git config --get commit.template [4ms]
2024-11-26 16:12:44.770 [info] > git for-each-ref --format=%(refname)%00%(upstream:short)%00%(objectname)%00%(upstream:track)%00%(upstream:remotename)%00%(upstream:remoteref) refs/heads/main refs/remotes/main [1ms]
2024-11-26 16:12:44.783 [info] > git for-each-ref --sort -committerdate --format %(refname) %(objectname) %(*objectname) [2ms]
2024-11-26 16:12:44.822 [info] > git status -z -uall [47ms]
2024-11-26 16:12:46.773 [info] [main] Log level: Info
2024-11-26 16:12:46.773 [info] [main] Validating found git in: "git"
2024-11-26 16:12:46.773 [info] [main] Using git "2.47.0" from "git"
2024-11-26 16:12:46.773 [info] [Model][doInitialScan] Initial repository scan started
2024-11-26 16:12:46.773 [info] [Model][doInitialScan] Initial repository scan completed - repositories (0), closed repositories (0), parent repositories (0), unsafe repositories (0)
2024-11-26 16:12:52.818 [info] [main] Log level: Info
2024-11-26 16:12:52.818 [info] [main] Validating found git in: "git"
2024-11-26 16:12:52.818 [info] [main] Using git "2.47.0" from "git"
2024-11-26 16:12:52.818 [info] [Model][doInitialScan] Initial repository scan started
2024-11-26 16:12:52.818 [info] > git rev-parse --show-toplevel [8ms]
2024-11-26 16:12:52.829 [info] > git rev-parse --git-dir --git-common-dir [2ms]
2024-11-26 16:12:52.844 [info] [Model][openRepository] Opened repository: /home/clinton/arch-hypr-dots
2024-11-26 16:12:52.860 [info] > git rev-parse --show-toplevel [3ms]
2024-11-26 16:12:52.862 [info] > git config --get commit.template [9ms]
2024-11-26 16:12:52.905 [info] > git rev-parse --show-toplevel [19ms]
2024-11-26 16:12:52.910 [info] > git for-each-ref --format=%(refname)%00%(upstream:short)%00%(objectname)%00%(upstream:track)%00%(upstream:remotename)%00%(upstream:remoteref) refs/heads/main refs/remotes/main [6ms]
2024-11-26 16:12:52.912 [info] > git rev-parse --show-toplevel [2ms]
2024-11-26 16:12:52.915 [info] [Model][doInitialScan] Initial repository scan completed - repositories (1), closed repositories (0), parent repositories (0), unsafe repositories (0)
2024-11-26 16:12:52.936 [info] > git for-each-ref --sort -committerdate --format %(refname) %(objectname) %(*objectname) [3ms]
2024-11-26 16:12:52.976 [info] > git status -z -uall [56ms]
2024-11-26 16:12:52.999 [info] > git for-each-ref --format=%(refname)%00%(upstream:short)%00%(objectname)%00%(upstream:track)%00%(upstream:remotename)%00%(upstream:remoteref) refs/heads/main refs/remotes/main [10ms]
2024-11-26 16:12:53.009 [info] > git config --local branch.main.vscode-merge-base [4ms]
2024-11-26 16:12:53.015 [info] > git config --get commit.template [15ms]
2024-11-26 16:12:53.051 [info] > git for-each-ref --format=%(refname)%00%(upstream:short)%00%(objectname)%00%(upstream:track)%00%(upstream:remotename)%00%(upstream:remoteref) refs/heads/origin/main refs/remotes/origin/main [37ms]
2024-11-26 16:12:53.087 [info] > git merge-base refs/heads/main refs/remotes/origin/main [30ms]
2024-11-26 16:12:53.092 [info] > git for-each-ref --format=%(refname)%00%(upstream:short)%00%(objectname)%00%(upstream:track)%00%(upstream:remotename)%00%(upstream:remoteref) refs/heads/main refs/remotes/main [41ms]
2024-11-26 16:12:53.114 [info] > git diff --name-status -z --diff-filter=ADMR ca4424ecaaccc32bd468653d0a6bb09261d5d835...refs/remotes/origin/main [22ms]
2024-11-26 16:12:53.131 [info] > git for-each-ref --sort -committerdate --format %(refname) %(objectname) %(*objectname) [1ms]
2024-11-26 16:12:53.164 [info] > git status -z -uall [44ms]
2024-11-26 16:12:55.732 [info] > git config --get commit.template [19ms]
2024-11-26 16:12:55.735 [info] > git for-each-ref --format=%(refname)%00%(upstream:short)%00%(objectname)%00%(upstream:track)%00%(upstream:remotename)%00%(upstream:remoteref) refs/heads/main refs/remotes/main [6ms]
2024-11-26 16:12:55.786 [info] > git for-each-ref --sort -committerdate --format %(refname) %(objectname) %(*objectname) [5ms]
2024-11-26 16:12:55.812 [info] > git status -z -uall [62ms]
2024-11-26 16:13:00.852 [info] > git config --get commit.template [16ms]
2024-11-26 16:13:00.855 [info] > git for-each-ref --format=%(refname)%00%(upstream:short)%00%(objectname)%00%(upstream:track)%00%(upstream:remotename)%00%(upstream:remoteref) refs/heads/main refs/remotes/main [6ms]
2024-11-26 16:13:00.893 [info] > git for-each-ref --sort -committerdate --format %(refname) %(objectname) %(*objectname) [3ms]
2024-11-26 16:13:00.924 [info] > git status -z -uall [54ms]
2024-11-26 16:13:05.965 [info] > git config --get commit.template [17ms]
2024-11-26 16:13:05.969 [info] > git for-each-ref --format=%(refname)%00%(upstream:short)%00%(objectname)%00%(upstream:track)%00%(upstream:remotename)%00%(upstream:remoteref) refs/heads/main refs/remotes/main [6ms]
2024-11-26 16:13:05.998 [info] > git for-each-ref --sort -committerdate --format %(refname) %(objectname) %(*objectname) [4ms]
2024-11-26 16:13:06.030 [info] > git status -z -uall [48ms]
2024-11-26 16:13:13.142 [info] > git config --get commit.template [17ms]
2024-11-26 16:13:13.146 [info] > git for-each-ref --format=%(refname)%00%(upstream:short)%00%(objectname)%00%(upstream:track)%00%(upstream:remotename)%00%(upstream:remoteref) refs/heads/main refs/remotes/main [6ms]
2024-11-26 16:13:13.186 [info] > git for-each-ref --sort -committerdate --format %(refname) %(objectname) %(*objectname) [9ms]
2024-11-26 16:13:13.215 [info] > git status -z -uall [54ms]
2024-11-26 16:13:25.646 [info] > git config --get commit.template [7ms]
2024-11-26 16:13:25.667 [info] > git for-each-ref --format=%(refname)%00%(upstream:short)%00%(objectname)%00%(upstream:track)%00%(upstream:remotename)%00%(upstream:remoteref) refs/heads/main refs/remotes/main [6ms]
2024-11-26 16:13:25.708 [info] > git for-each-ref --sort -committerdate --format %(refname) %(objectname) %(*objectname) [2ms]
2024-11-26 16:13:25.740 [info] > git status -z -uall [57ms]
2024-11-26 16:13:57.400 [info] > git config --get commit.template [9ms]
2024-11-26 16:13:57.401 [info] > git for-each-ref --format=%(refname)%00%(upstream:short)%00%(objectname)%00%(upstream:track)%00%(upstream:remotename)%00%(upstream:remoteref) refs/heads/main refs/remotes/main [3ms]
2024-11-26 16:13:57.441 [info] > git for-each-ref --sort -committerdate --format %(refname) %(objectname) %(*objectname) [11ms]
2024-11-26 16:13:57.480 [info] > git status -z -uall [69ms]
2024-11-26 16:14:02.511 [info] > git config --get commit.template [3ms]
2024-11-26 16:14:02.523 [info] > git for-each-ref --format=%(refname)%00%(upstream:short)%00%(objectname)%00%(upstream:track)%00%(upstream:remotename)%00%(upstream:remoteref) refs/heads/main refs/remotes/main [3ms]
2024-11-26 16:14:02.582 [info] > git for-each-ref --sort -committerdate --format %(refname) %(objectname) %(*objectname) [9ms]
2024-11-26 16:14:02.610 [info] > git status -z -uall [68ms]
2024-11-26 16:14:07.755 [info] > git config --get commit.template [12ms]
2024-11-26 16:14:07.765 [info] > git for-each-ref --format=%(refname)%00%(upstream:short)%00%(objectname)%00%(upstream:track)%00%(upstream:remotename)%00%(upstream:remoteref) refs/heads/main refs/remotes/main [2ms]
2024-11-26 16:14:07.791 [info] > git for-each-ref --sort -committerdate --format %(refname) %(objectname) %(*objectname) [5ms]
2024-11-26 16:14:07.829 [info] > git status -z -uall [53ms]
2024-11-26 16:14:12.889 [info] > git config --get commit.template [27ms]
2024-11-26 16:14:12.892 [info] > git for-each-ref --format=%(refname)%00%(upstream:short)%00%(objectname)%00%(upstream:track)%00%(upstream:remotename)%00%(upstream:remoteref) refs/heads/main refs/remotes/main [6ms]
2024-11-26 16:14:12.932 [info] > git for-each-ref --sort -committerdate --format %(refname) %(objectname) %(*objectname) [2ms]
2024-11-26 16:14:12.963 [info] > git status -z -uall [51ms]
2024-11-26 16:14:18.019 [info] > git config --get commit.template [26ms]
2024-11-26 16:14:18.023 [info] > git for-each-ref --format=%(refname)%00%(upstream:short)%00%(objectname)%00%(upstream:track)%00%(upstream:remotename)%00%(upstream:remoteref) refs/heads/main refs/remotes/main [6ms]
2024-11-26 16:14:18.076 [info] > git for-each-ref --sort -committerdate --format %(refname) %(objectname) %(*objectname) [4ms]
2024-11-26 16:14:18.105 [info] > git status -z -uall [57ms]
2024-11-26 16:14:23.155 [info] > git config --get commit.template [20ms]
2024-11-26 16:14:23.156 [info] > git for-each-ref --format=%(refname)%00%(upstream:short)%00%(objectname)%00%(upstream:track)%00%(upstream:remotename)%00%(upstream:remoteref) refs/heads/main refs/remotes/main [2ms]
2024-11-26 16:14:23.177 [info] > git for-each-ref --sort -committerdate --format %(refname) %(objectname) %(*objectname) [1ms]
2024-11-26 16:14:23.205 [info] > git status -z -uall [42ms]
2024-11-26 16:14:29.022 [info] > git config --get commit.template [10ms]
2024-11-26 16:14:29.023 [info] > git for-each-ref --format=%(refname)%00%(upstream:short)%00%(objectname)%00%(upstream:track)%00%(upstream:remotename)%00%(upstream:remoteref) refs/heads/main refs/remotes/main [2ms]
2024-11-26 16:14:29.055 [info] > git for-each-ref --sort -committerdate --format %(refname) %(objectname) %(*objectname) [2ms]
2024-11-26 16:14:29.079 [info] > git status -z -uall [47ms]
2024-11-26 16:14:37.655 [info] > git config --get commit.template [26ms]
2024-11-26 16:14:37.689 [info] > git for-each-ref --format=%(refname)%00%(upstream:short)%00%(objectname)%00%(upstream:track)%00%(upstream:remotename)%00%(upstream:remoteref) refs/heads/main refs/remotes/main [13ms]
2024-11-26 16:14:37.743 [info] > git for-each-ref --sort -committerdate --format %(refname) %(objectname) %(*objectname) [2ms]
2024-11-26 16:14:37.773 [info] > git status -z -uall [65ms]
2024-11-26 16:14:43.279 [info] > git config --get commit.template [10ms]
2024-11-26 16:14:43.280 [info] > git for-each-ref --format=%(refname)%00%(upstream:short)%00%(objectname)%00%(upstream:track)%00%(upstream:remotename)%00%(upstream:remoteref) refs/heads/main refs/remotes/main [1ms]
2024-11-26 16:14:43.303 [info] > git for-each-ref --sort -committerdate --format %(refname) %(objectname) %(*objectname) [4ms]
2024-11-26 16:14:43.330 [info] > git status -z -uall [42ms]
2024-11-26 16:14:52.431 [info] > git config --get commit.template [4ms]
2024-11-26 16:14:52.453 [info] > git for-each-ref --format=%(refname)%00%(upstream:short)%00%(objectname)%00%(upstream:track)%00%(upstream:remotename)%00%(upstream:remoteref) refs/heads/main refs/remotes/main [3ms]
2024-11-26 16:14:52.481 [info] > git for-each-ref --sort -committerdate --format %(refname) %(objectname) %(*objectname) [2ms]
2024-11-26 16:14:52.506 [info] > git status -z -uall [43ms]
2024-11-26 16:14:59.173 [info] > git config --get commit.template [11ms]
2024-11-26 16:14:59.175 [info] > git for-each-ref --format=%(refname)%00%(upstream:short)%00%(objectname)%00%(upstream:track)%00%(upstream:remotename)%00%(upstream:remoteref) refs/heads/main refs/remotes/main [3ms]
2024-11-26 16:14:59.198 [info] > git for-each-ref --sort -committerdate --format %(refname) %(objectname) %(*objectname) [2ms]
2024-11-26 16:14:59.224 [info] > git status -z -uall [42ms]
2024-11-26 16:15:04.247 [info] > git for-each-ref --format=%(refname)%00%(upstream:short)%00%(objectname)%00%(upstream:track)%00%(upstream:remotename)%00%(upstream:remoteref) refs/heads/main refs/remotes/main [2ms]
2024-11-26 16:15:04.247 [info] > git config --get commit.template [11ms]
2024-11-26 16:15:04.290 [info] > git for-each-ref --sort -committerdate --format %(refname) %(objectname) %(*objectname) [18ms]
2024-11-26 16:15:04.310 [info] > git status -z -uall [53ms]
2024-11-26 16:15:09.370 [info] > git config --get commit.template [29ms]
2024-11-26 16:15:09.372 [info] > git for-each-ref --format=%(refname)%00%(upstream:short)%00%(objectname)%00%(upstream:track)%00%(upstream:remotename)%00%(upstream:remoteref) refs/heads/main refs/remotes/main [7ms]
2024-11-26 16:15:09.410 [info] > git for-each-ref --sort -committerdate --format %(refname) %(objectname) %(*objectname) [1ms]
2024-11-26 16:15:09.435 [info] > git status -z -uall [47ms]
2024-11-26 16:15:14.609 [info] > git config --get commit.template [2ms]
2024-11-26 16:15:14.620 [info] > git for-each-ref --format=%(refname)%00%(upstream:short)%00%(objectname)%00%(upstream:track)%00%(upstream:remotename)%00%(upstream:remoteref) refs/heads/main refs/remotes/main [1ms]
2024-11-26 16:15:14.642 [info] > git for-each-ref --sort -committerdate --format %(refname) %(objectname) %(*objectname) [2ms]
2024-11-26 16:15:14.676 [info] > git status -z -uall [49ms]
2024-11-26 16:15:20.639 [info] > git config --get commit.template [3ms]
2024-11-26 16:15:20.656 [info] > git for-each-ref --format=%(refname)%00%(upstream:short)%00%(objectname)%00%(upstream:track)%00%(upstream:remotename)%00%(upstream:remoteref) refs/heads/main refs/remotes/main [3ms]
2024-11-26 16:15:20.679 [info] > git for-each-ref --sort -committerdate --format %(refname) %(objectname) %(*objectname) [3ms]
2024-11-26 16:15:20.710 [info] > git status -z -uall [45ms]
2024-11-26 16:16:32.548 [info] > git config --get commit.template [9ms]
2024-11-26 16:16:32.549 [info] > git for-each-ref --format=%(refname)%00%(upstream:short)%00%(objectname)%00%(upstream:track)%00%(upstream:remotename)%00%(upstream:remoteref) refs/heads/main refs/remotes/main [2ms]
2024-11-26 16:16:32.574 [info] > git for-each-ref --sort -committerdate --format %(refname) %(objectname) %(*objectname) [0ms]
2024-11-26 16:16:32.612 [info] > git status -z -uall [52ms]
2024-11-26 16:16:37.671 [info] > git config --get commit.template [28ms]
2024-11-26 16:16:37.674 [info] > git for-each-ref --format=%(refname)%00%(upstream:short)%00%(objectname)%00%(upstream:track)%00%(upstream:remotename)%00%(upstream:remoteref) refs/heads/main refs/remotes/main [6ms]
2024-11-26 16:16:37.725 [info] > git for-each-ref --sort -committerdate --format %(refname) %(objectname) %(*objectname) [8ms]
2024-11-26 16:16:37.756 [info] > git status -z -uall [59ms]
2024-11-26 16:16:57.728 [info] > git config --get commit.template [32ms]
2024-11-26 16:16:57.731 [info] > git for-each-ref --format=%(refname)%00%(upstream:short)%00%(objectname)%00%(upstream:track)%00%(upstream:remotename)%00%(upstream:remoteref) refs/heads/main refs/remotes/main [9ms]
2024-11-26 16:16:57.813 [info] > git for-each-ref --sort -committerdate --format %(refname) %(objectname) %(*objectname) [9ms]
2024-11-26 16:16:57.864 [info] > git status -z -uall [108ms]
2024-11-26 16:17:02.896 [info] > git config --get commit.template [15ms]
2024-11-26 16:17:02.897 [info] > git for-each-ref --format=%(refname)%00%(upstream:short)%00%(objectname)%00%(upstream:track)%00%(upstream:remotename)%00%(upstream:remoteref) refs/heads/main refs/remotes/main [2ms]
2024-11-26 16:17:02.933 [info] > git for-each-ref --sort -committerdate --format %(refname) %(objectname) %(*objectname) [1ms]
2024-11-26 16:17:02.958 [info] > git status -z -uall [48ms]
2024-11-26 16:18:16.954 [info] > git config --get commit.template [14ms]
2024-11-26 16:18:16.955 [info] > git for-each-ref --format=%(refname)%00%(upstream:short)%00%(objectname)%00%(upstream:track)%00%(upstream:remotename)%00%(upstream:remoteref) refs/heads/main refs/remotes/main [2ms]
2024-11-26 16:18:16.981 [info] > git for-each-ref --sort -committerdate --format %(refname) %(objectname) %(*objectname) [4ms]
2024-11-26 16:18:17.015 [info] > git status -z -uall [52ms]
2024-11-26 16:18:22.043 [info] > git config --get commit.template [2ms]
2024-11-26 16:18:22.054 [info] > git for-each-ref --format=%(refname)%00%(upstream:short)%00%(objectname)%00%(upstream:track)%00%(upstream:remotename)%00%(upstream:remoteref) refs/heads/main refs/remotes/main [2ms]
2024-11-26 16:18:22.079 [info] > git for-each-ref --sort -committerdate --format %(refname) %(objectname) %(*objectname) [2ms]
2024-11-26 16:18:22.105 [info] > git status -z -uall [43ms]
2024-11-26 16:18:29.541 [info] > git config --get commit.template [27ms]
2024-11-26 16:18:29.556 [info] > git for-each-ref --format=%(refname)%00%(upstream:short)%00%(objectname)%00%(upstream:track)%00%(upstream:remotename)%00%(upstream:remoteref) refs/heads/main refs/remotes/main [2ms]
2024-11-26 16:18:29.579 [info] > git for-each-ref --sort -committerdate --format %(refname) %(objectname) %(*objectname) [4ms]
2024-11-26 16:18:29.609 [info] > git status -z -uall [45ms]
2024-11-26 16:18:36.346 [info] > git config --get commit.template [3ms]
2024-11-26 16:18:36.357 [info] > git for-each-ref --format=%(refname)%00%(upstream:short)%00%(objectname)%00%(upstream:track)%00%(upstream:remotename)%00%(upstream:remoteref) refs/heads/main refs/remotes/main [3ms]
2024-11-26 16:18:36.389 [info] > git for-each-ref --sort -committerdate --format %(refname) %(objectname) %(*objectname) [3ms]
2024-11-26 16:18:36.429 [info] > git status -z -uall [59ms]
2024-11-26 16:18:51.009 [info] > git config --get commit.template [13ms]
2024-11-26 16:18:51.027 [info] > git for-each-ref --format=%(refname)%00%(upstream:short)%00%(objectname)%00%(upstream:track)%00%(upstream:remotename)%00%(upstream:remoteref) refs/heads/main refs/remotes/main [4ms]
2024-11-26 16:18:51.062 [info] > git for-each-ref --sort -committerdate --format %(refname) %(objectname) %(*objectname) [3ms]
2024-11-26 16:18:51.105 [info] > git status -z -uall [66ms]
2024-11-26 16:18:56.125 [info] > git config --get commit.template [8ms]
2024-11-26 16:18:56.126 [info] > git for-each-ref --format=%(refname)%00%(upstream:short)%00%(objectname)%00%(upstream:track)%00%(upstream:remotename)%00%(upstream:remoteref) refs/heads/main refs/remotes/main [2ms]
2024-11-26 16:18:56.149 [info] > git for-each-ref --sort -committerdate --format %(refname) %(objectname) %(*objectname) [4ms]
2024-11-26 16:18:56.174 [info] > git status -z -uall [40ms]
2024-11-26 16:19:04.334 [info] > git config --get commit.template [4ms]
2024-11-26 16:19:04.348 [info] > git for-each-ref --format=%(refname)%00%(upstream:short)%00%(objectname)%00%(upstream:track)%00%(upstream:remotename)%00%(upstream:remoteref) refs/heads/main refs/remotes/main [2ms]
2024-11-26 16:19:04.372 [info] > git for-each-ref --sort -committerdate --format %(refname) %(objectname) %(*objectname) [3ms]
2024-11-26 16:19:04.403 [info] > git status -z -uall [46ms]
2024-11-26 16:20:24.766 [info] > git config --get commit.template [6ms]
2024-11-26 16:20:24.784 [info] > git for-each-ref --format=%(refname)%00%(upstream:short)%00%(objectname)%00%(upstream:track)%00%(upstream:remotename)%00%(upstream:remoteref) refs/heads/main refs/remotes/main [2ms]
2024-11-26 16:20:24.830 [info] > git for-each-ref --sort -committerdate --format %(refname) %(objectname) %(*objectname) [5ms]
2024-11-26 16:20:24.894 [info] > git status -z -uall [95ms]
2024-11-26 16:20:29.910 [info] > git config --get commit.template [2ms]
2024-11-26 16:20:29.919 [info] > git for-each-ref --format=%(refname)%00%(upstream:short)%00%(objectname)%00%(upstream:track)%00%(upstream:remotename)%00%(upstream:remoteref) refs/heads/main refs/remotes/main [1ms]
2024-11-26 16:20:29.941 [info] > git for-each-ref --sort -committerdate --format %(refname) %(objectname) %(*objectname) [3ms]
2024-11-26 16:20:29.973 [info] > git status -z -uall [45ms]
2024-11-26 16:20:38.546 [info] > git config --get commit.template [4ms]
2024-11-26 16:20:38.560 [info] > git for-each-ref --format=%(refname)%00%(upstream:short)%00%(objectname)%00%(upstream:track)%00%(upstream:remotename)%00%(upstream:remoteref) refs/heads/main refs/remotes/main [2ms]
2024-11-26 16:20:38.586 [info] > git for-each-ref --sort -committerdate --format %(refname) %(objectname) %(*objectname) [1ms]
2024-11-26 16:20:38.613 [info] > git status -z -uall [45ms]
2024-11-26 16:20:43.670 [info] > git config --get commit.template [27ms]
2024-11-26 16:20:43.673 [info] > git for-each-ref --format=%(refname)%00%(upstream:short)%00%(objectname)%00%(upstream:track)%00%(upstream:remotename)%00%(upstream:remoteref) refs/heads/main refs/remotes/main [7ms]
2024-11-26 16:20:43.699 [info] > git for-each-ref --sort -committerdate --format %(refname) %(objectname) %(*objectname) [2ms]
2024-11-26 16:20:43.726 [info] > git status -z -uall [41ms]
2024-11-26 16:20:48.760 [info] > git config --get commit.template [8ms]
2024-11-26 16:20:48.761 [info] > git for-each-ref --format=%(refname)%00%(upstream:short)%00%(objectname)%00%(upstream:track)%00%(upstream:remotename)%00%(upstream:remoteref) refs/heads/main refs/remotes/main [2ms]
2024-11-26 16:20:48.783 [info] > git for-each-ref --sort -committerdate --format %(refname) %(objectname) %(*objectname) [4ms]
2024-11-26 16:20:48.808 [info] > git status -z -uall [40ms]
2024-11-26 16:20:53.865 [info] > git config --get commit.template [26ms]
2024-11-26 16:20:53.868 [info] > git for-each-ref --format=%(refname)%00%(upstream:short)%00%(objectname)%00%(upstream:track)%00%(upstream:remotename)%00%(upstream:remoteref) refs/heads/main refs/remotes/main [5ms]
2024-11-26 16:20:53.910 [info] > git for-each-ref --sort -committerdate --format %(refname) %(objectname) %(*objectname) [2ms]
2024-11-26 16:20:53.938 [info] > git status -z -uall [53ms]
2024-11-26 16:20:58.971 [info] > git config --get commit.template [4ms]
2024-11-26 16:20:58.995 [info] > git for-each-ref --format=%(refname)%00%(upstream:short)%00%(objectname)%00%(upstream:track)%00%(upstream:remotename)%00%(upstream:remoteref) refs/heads/main refs/remotes/main [4ms]
2024-11-26 16:20:59.041 [info] > git for-each-ref --sort -committerdate --format %(refname) %(objectname) %(*objectname) [4ms]
2024-11-26 16:20:59.072 [info] > git status -z -uall [59ms]
2024-11-26 16:21:04.101 [info] > git config --get commit.template [3ms]
2024-11-26 16:21:04.116 [info] > git for-each-ref --format=%(refname)%00%(upstream:short)%00%(objectname)%00%(upstream:track)%00%(upstream:remotename)%00%(upstream:remoteref) refs/heads/main refs/remotes/main [2ms]
2024-11-26 16:21:04.145 [info] > git for-each-ref --sort -committerdate --format %(refname) %(objectname) %(*objectname) [2ms]
2024-11-26 16:21:04.177 [info] > git status -z -uall [50ms]
2024-11-26 16:21:09.225 [info] > git config --get commit.template [18ms]
2024-11-26 16:21:09.227 [info] > git for-each-ref --format=%(refname)%00%(upstream:short)%00%(objectname)%00%(upstream:track)%00%(upstream:remotename)%00%(upstream:remoteref) refs/heads/main refs/remotes/main [3ms]
2024-11-26 16:21:09.249 [info] > git for-each-ref --sort -committerdate --format %(refname) %(objectname) %(*objectname) [3ms]
2024-11-26 16:21:09.282 [info] > git status -z -uall [45ms]
2024-11-26 16:21:14.336 [info] > git config --get commit.template [22ms]
2024-11-26 16:21:14.338 [info] > git for-each-ref --format=%(refname)%00%(upstream:short)%00%(objectname)%00%(upstream:track)%00%(upstream:remotename)%00%(upstream:remoteref) refs/heads/main refs/remotes/main [4ms]
2024-11-26 16:21:14.363 [info] > git for-each-ref --sort -committerdate --format %(refname) %(objectname) %(*objectname) [2ms]
2024-11-26 16:21:14.394 [info] > git status -z -uall [45ms]
2024-11-26 16:21:19.432 [info] > git config --get commit.template [4ms]
2024-11-26 16:21:19.477 [info] > git for-each-ref --format=%(refname)%00%(upstream:short)%00%(objectname)%00%(upstream:track)%00%(upstream:remotename)%00%(upstream:remoteref) refs/heads/main refs/remotes/main [12ms]
2024-11-26 16:21:19.530 [info] > git for-each-ref --sort -committerdate --format %(refname) %(objectname) %(*objectname) [4ms]
2024-11-26 16:21:19.566 [info] > git status -z -uall [62ms]
2024-11-26 16:21:25.456 [info] > git config --get commit.template [28ms]
2024-11-26 16:21:25.497 [info] > git for-each-ref --format=%(refname)%00%(upstream:short)%00%(objectname)%00%(upstream:track)%00%(upstream:remotename)%00%(upstream:remoteref) refs/heads/main refs/remotes/main [12ms]
2024-11-26 16:21:25.577 [info] > git for-each-ref --sort -committerdate --format %(refname) %(objectname) %(*objectname) [14ms]
2024-11-26 16:21:25.627 [info] > git status -z -uall [97ms]
2024-11-26 16:21:30.684 [info] > git config --get commit.template [26ms]
2024-11-26 16:21:30.689 [info] > git for-each-ref --format=%(refname)%00%(upstream:short)%00%(objectname)%00%(upstream:track)%00%(upstream:remotename)%00%(upstream:remoteref) refs/heads/main refs/remotes/main [6ms]
2024-11-26 16:21:30.722 [info] > git for-each-ref --sort -committerdate --format %(refname) %(objectname) %(*objectname) [2ms]
2024-11-26 16:21:30.747 [info] > git status -z -uall [42ms]
2024-11-26 16:21:35.803 [info] > git config --get commit.template [26ms]
2024-11-26 16:21:35.808 [info] > git for-each-ref --format=%(refname)%00%(upstream:short)%00%(objectname)%00%(upstream:track)%00%(upstream:remotename)%00%(upstream:remoteref) refs/heads/main refs/remotes/main [7ms]
2024-11-26 16:21:35.850 [info] > git for-each-ref --sort -committerdate --format %(refname) %(objectname) %(*objectname) [2ms]
2024-11-26 16:21:35.877 [info] > git status -z -uall [48ms]
2024-11-26 16:21:44.303 [info] > git config --get commit.template [10ms]
2024-11-26 16:21:44.322 [info] > git for-each-ref --format=%(refname)%00%(upstream:short)%00%(objectname)%00%(upstream:track)%00%(upstream:remotename)%00%(upstream:remoteref) refs/heads/main refs/remotes/main [2ms]
2024-11-26 16:21:44.349 [info] > git for-each-ref --sort -committerdate --format %(refname) %(objectname) %(*objectname) [2ms]
2024-11-26 16:21:44.379 [info] > git status -z -uall [47ms]
2024-11-26 16:21:53.618 [info] > git config --get commit.template [3ms]
2024-11-26 16:21:53.632 [info] > git for-each-ref --format=%(refname)%00%(upstream:short)%00%(objectname)%00%(upstream:track)%00%(upstream:remotename)%00%(upstream:remoteref) refs/heads/main refs/remotes/main [2ms]
2024-11-26 16:21:53.655 [info] > git for-each-ref --sort -committerdate --format %(refname) %(objectname) %(*objectname) [3ms]
2024-11-26 16:21:53.683 [info] > git status -z -uall [43ms]
2024-11-26 16:21:58.715 [info] > git config --get commit.template [4ms]
2024-11-26 16:21:58.733 [info] > git for-each-ref --format=%(refname)%00%(upstream:short)%00%(objectname)%00%(upstream:track)%00%(upstream:remotename)%00%(upstream:remoteref) refs/heads/main refs/remotes/main [3ms]
2024-11-26 16:21:58.765 [info] > git for-each-ref --sort -committerdate --format %(refname) %(objectname) %(*objectname) [1ms]
2024-11-26 16:21:58.793 [info] > git status -z -uall [47ms]
2024-11-26 16:22:03.830 [info] > git config --get commit.template [5ms]
2024-11-26 16:22:03.850 [info] > git for-each-ref --format=%(refname)%00%(upstream:short)%00%(objectname)%00%(upstream:track)%00%(upstream:remotename)%00%(upstream:remoteref) refs/heads/main refs/remotes/main [2ms]
2024-11-26 16:22:03.875 [info] > git for-each-ref --sort -committerdate --format %(refname) %(objectname) %(*objectname) [2ms]
2024-11-26 16:22:03.905 [info] > git status -z -uall [45ms]
2024-11-26 16:22:06.064 [info] > git check-ignore -v -z --stdin [38ms]
2024-11-26 16:22:08.953 [info] > git config --get commit.template [17ms]
2024-11-26 16:22:08.955 [info] > git for-each-ref --format=%(refname)%00%(upstream:short)%00%(objectname)%00%(upstream:track)%00%(upstream:remotename)%00%(upstream:remoteref) refs/heads/main refs/remotes/main [3ms]
2024-11-26 16:22:08.983 [info] > git for-each-ref --sort -committerdate --format %(refname) %(objectname) %(*objectname) [2ms]
2024-11-26 16:22:09.012 [info] > git status -z -uall [47ms]
2024-11-26 16:22:13.751 [info] > git check-ignore -v -z --stdin [6ms]
2024-11-26 16:22:14.036 [info] > git config --get commit.template [10ms]
2024-11-26 16:22:14.037 [info] > git for-each-ref --format=%(refname)%00%(upstream:short)%00%(objectname)%00%(upstream:track)%00%(upstream:remotename)%00%(upstream:remoteref) refs/heads/main refs/remotes/main [3ms]
2024-11-26 16:22:14.061 [info] > git for-each-ref --sort -committerdate --format %(refname) %(objectname) %(*objectname) [3ms]
2024-11-26 16:22:14.097 [info] > git status -z -uall [50ms]
2024-11-26 16:22:15.538 [info] > git check-ignore -v -z --stdin [40ms]
2024-11-26 16:22:18.419 [info] > git check-ignore -v -z --stdin [64ms]
2024-11-26 16:22:19.461 [info] > git check-ignore -v -z --stdin [13ms]
2024-11-26 16:22:27.773 [info] > git config --get commit.template [9ms]
2024-11-26 16:22:27.774 [info] > git for-each-ref --format=%(refname)%00%(upstream:short)%00%(objectname)%00%(upstream:track)%00%(upstream:remotename)%00%(upstream:remoteref) refs/heads/main refs/remotes/main [1ms]
2024-11-26 16:22:27.795 [info] > git for-each-ref --sort -committerdate --format %(refname) %(objectname) %(*objectname) [2ms]
2024-11-26 16:22:27.829 [info] > git status -z -uall [47ms]
2024-11-26 16:22:30.920 [info] > git log --format=%H%n%aN%n%aE%n%at%n%ct%n%P%n%D%n%B -z --shortstat --diff-merges=first-parent -n50 --skip=0 --topo-order --decorate=full --stdin [1003ms]
2024-11-26 16:22:32.087 [info] > git diff-tree -r --name-status -z --diff-filter=ADMR 1e362a7824e547a7b98abe7a46b05b7c023e1afc ca4424ecaaccc32bd468653d0a6bb09261d5d835 [15ms]
2024-11-26 16:22:32.193 [info] > git show --textconv 1e362a7824e547a7b98abe7a46b05b7c023e1afc:home/user/.bashrc [71ms]
2024-11-26 16:22:32.193 [info] > git show --textconv ca4424ecaaccc32bd468653d0a6bb09261d5d835:home/user/.bashrc [63ms]
2024-11-26 16:22:32.193 [info] > git show --textconv 1e362a7824e547a7b98abe7a46b05b7c023e1afc:home/user/.bashrc.d/aliases [55ms]
2024-11-26 16:22:32.193 [info] > git show --textconv ca4424ecaaccc32bd468653d0a6bb09261d5d835:home/user/.bashrc.d/aliases [48ms]
2024-11-26 16:22:32.193 [info] > git show --textconv 1e362a7824e547a7b98abe7a46b05b7c023e1afc:home/user/.bashrc.d/check [40ms]
2024-11-26 16:22:32.193 [info] > git show --textconv ca4424ecaaccc32bd468653d0a6bb09261d5d835:home/user/.bashrc.d/check [32ms]
2024-11-26 16:22:32.193 [info] > git show --textconv 1e362a7824e547a7b98abe7a46b05b7c023e1afc:home/user/.bashrc.d/env-vars [24ms]
2024-11-26 16:22:32.193 [info] > git show --textconv ca4424ecaaccc32bd468653d0a6bb09261d5d835:home/user/.bashrc.d/env-vars [16ms]
2024-11-26 16:22:32.193 [info] > git show --textconv 1e362a7824e547a7b98abe7a46b05b7c023e1afc:home/user/.bashrc.d/final-inits [9ms]
2024-11-26 16:22:32.193 [info] > git show --textconv ca4424ecaaccc32bd468653d0a6bb09261d5d835:home/user/.bashrc.d/final-inits [1ms]
2024-11-26 16:22:32.487 [info] > git show --textconv 1e362a7824e547a7b98abe7a46b05b7c023e1afc:home/user/.bashrc.d/functions [283ms]
2024-11-26 16:22:32.487 [info] > git show --textconv ca4424ecaaccc32bd468653d0a6bb09261d5d835:home/user/.bashrc.d/functions [276ms]
2024-11-26 16:22:32.487 [info] > git show --textconv 1e362a7824e547a7b98abe7a46b05b7c023e1afc:home/user/.bashrc.d/pkgs.d/pkg-init [269ms]
2024-11-26 16:22:32.487 [info] > git show --textconv ca4424ecaaccc32bd468653d0a6bb09261d5d835:home/user/.bashrc.d/pkgs.d/pkg-init [261ms]
2024-11-26 16:22:32.487 [info] > git show --textconv 1e362a7824e547a7b98abe7a46b05b7c023e1afc:home/user/.bashrc.d/pkgs.d/pkgs/nvm [254ms]
2024-11-26 16:22:32.487 [info] > git show --textconv ca4424ecaaccc32bd468653d0a6bb09261d5d835:home/user/.bashrc.d/pkgs.d/pkgs/nvm [246ms]
2024-11-26 16:22:32.487 [info] > git show --textconv 1e362a7824e547a7b98abe7a46b05b7c023e1afc:home/user/.bashrc.d/prompt [238ms]
2024-11-26 16:22:32.487 [info] > git show --textconv ca4424ecaaccc32bd468653d0a6bb09261d5d835:home/user/.bashrc.d/prompt [231ms]
2024-11-26 16:22:32.487 [info] > git show --textconv 1e362a7824e547a7b98abe7a46b05b7c023e1afc:home/user/.bashrc.d/scripts [223ms]
2024-11-26 16:22:32.487 [info] > git show --textconv ca4424ecaaccc32bd468653d0a6bb09261d5d835:home/user/.bashrc.d/scripts [215ms]
2024-11-26 16:22:32.487 [info] > git show --textconv 1e362a7824e547a7b98abe7a46b05b7c023e1afc:home/user/.bashrc.d/shell-opts [208ms]
2024-11-26 16:22:32.487 [info] > git show --textconv ca4424ecaaccc32bd468653d0a6bb09261d5d835:home/user/.bashrc.d/shell-opts [200ms]
2024-11-26 16:22:32.487 [info] > git show --textconv 1e362a7824e547a7b98abe7a46b05b7c023e1afc:home/user/.config/nvim/lazy-lock.json [193ms]
2024-11-26 16:22:32.487 [info] > git show --textconv ca4424ecaaccc32bd468653d0a6bb09261d5d835:home/user/.config/nvim/lazy-lock.json [186ms]
2024-11-26 16:22:32.487 [info] > git ls-tree -l ca4424ecaaccc32bd468653d0a6bb09261d5d835 -- /home/clinton/arch-hypr-dots/home/user/.config/nvim/lazy-lock.json [7ms]
2024-11-26 16:22:32.488 [info] > git ls-tree -l 1e362a7824e547a7b98abe7a46b05b7c023e1afc -- /home/clinton/arch-hypr-dots/home/user/.config/nvim/lazy-lock.json [16ms]
2024-11-26 16:22:32.489 [info] > git ls-tree -l ca4424ecaaccc32bd468653d0a6bb09261d5d835 -- /home/clinton/arch-hypr-dots/home/user/.bashrc.d/shell-opts [23ms]
2024-11-26 16:22:32.489 [info] > git ls-tree -l 1e362a7824e547a7b98abe7a46b05b7c023e1afc -- /home/clinton/arch-hypr-dots/home/user/.bashrc.d/shell-opts [31ms]
2024-11-26 16:22:32.489 [info] > git ls-tree -l ca4424ecaaccc32bd468653d0a6bb09261d5d835 -- /home/clinton/arch-hypr-dots/home/user/.bashrc.d/scripts [39ms]
2024-11-26 16:22:32.489 [info] > git ls-tree -l 1e362a7824e547a7b98abe7a46b05b7c023e1afc -- /home/clinton/arch-hypr-dots/home/user/.bashrc.d/scripts [46ms]
2024-11-26 16:22:32.490 [info] > git ls-tree -l ca4424ecaaccc32bd468653d0a6bb09261d5d835 -- /home/clinton/arch-hypr-dots/home/user/.bashrc.d/prompt [55ms]
2024-11-26 16:22:32.490 [info] > git ls-tree -l 1e362a7824e547a7b98abe7a46b05b7c023e1afc -- /home/clinton/arch-hypr-dots/home/user/.bashrc.d/prompt [62ms]
2024-11-26 16:22:32.490 [info] > git ls-tree -l ca4424ecaaccc32bd468653d0a6bb09261d5d835 -- /home/clinton/arch-hypr-dots/home/user/.bashrc.d/pkgs.d/pkgs/nvm [69ms]
2024-11-26 16:22:32.490 [info] > git ls-tree -l 1e362a7824e547a7b98abe7a46b05b7c023e1afc -- /home/clinton/arch-hypr-dots/home/user/.bashrc.d/pkgs.d/pkgs/nvm [77ms]
2024-11-26 16:22:32.491 [info] > git ls-tree -l ca4424ecaaccc32bd468653d0a6bb09261d5d835 -- /home/clinton/arch-hypr-dots/home/user/.bashrc.d/pkgs.d/pkg-init [85ms]
2024-11-26 16:22:32.491 [info] > git ls-tree -l 1e362a7824e547a7b98abe7a46b05b7c023e1afc -- /home/clinton/arch-hypr-dots/home/user/.bashrc.d/pkgs.d/pkg-init [93ms]
2024-11-26 16:22:32.492 [info] > git ls-tree -l ca4424ecaaccc32bd468653d0a6bb09261d5d835 -- /home/clinton/arch-hypr-dots/home/user/.bashrc.d/functions [100ms]
2024-11-26 16:22:32.492 [info] > git ls-tree -l 1e362a7824e547a7b98abe7a46b05b7c023e1afc -- /home/clinton/arch-hypr-dots/home/user/.bashrc.d/functions [108ms]
2024-11-26 16:22:32.492 [info] > git ls-tree -l ca4424ecaaccc32bd468653d0a6bb09261d5d835 -- /home/clinton/arch-hypr-dots/home/user/.bashrc.d/final-inits [116ms]
2024-11-26 16:22:32.493 [info] > git ls-tree -l 1e362a7824e547a7b98abe7a46b05b7c023e1afc -- /home/clinton/arch-hypr-dots/home/user/.bashrc.d/final-inits [124ms]
2024-11-26 16:22:32.493 [info] > git ls-tree -l ca4424ecaaccc32bd468653d0a6bb09261d5d835 -- /home/clinton/arch-hypr-dots/home/user/.bashrc.d/env-vars [132ms]
2024-11-26 16:22:32.493 [info] > git ls-tree -l 1e362a7824e547a7b98abe7a46b05b7c023e1afc -- /home/clinton/arch-hypr-dots/home/user/.bashrc.d/env-vars [139ms]
2024-11-26 16:22:32.494 [info] > git ls-tree -l ca4424ecaaccc32bd468653d0a6bb09261d5d835 -- /home/clinton/arch-hypr-dots/home/user/.bashrc.d/check [147ms]
2024-11-26 16:22:32.494 [info] > git ls-tree -l 1e362a7824e547a7b98abe7a46b05b7c023e1afc -- /home/clinton/arch-hypr-dots/home/user/.bashrc.d/check [155ms]
2024-11-26 16:22:32.494 [info] > git ls-tree -l ca4424ecaaccc32bd468653d0a6bb09261d5d835 -- /home/clinton/arch-hypr-dots/home/user/.bashrc.d/aliases [162ms]
2024-11-26 16:22:32.494 [info] > git ls-tree -l 1e362a7824e547a7b98abe7a46b05b7c023e1afc -- /home/clinton/arch-hypr-dots/home/user/.bashrc.d/aliases [170ms]
2024-11-26 16:22:32.495 [info] > git ls-tree -l ca4424ecaaccc32bd468653d0a6bb09261d5d835 -- /home/clinton/arch-hypr-dots/home/user/.bashrc [178ms]
2024-11-26 16:22:32.495 [info] > git ls-tree -l 1e362a7824e547a7b98abe7a46b05b7c023e1afc -- /home/clinton/arch-hypr-dots/home/user/.bashrc [186ms]
2024-11-26 16:22:32.854 [info] > git config --get commit.template [3ms]
2024-11-26 16:22:32.910 [info] > git for-each-ref --format=%(refname)%00%(upstream:short)%00%(objectname)%00%(upstream:track)%00%(upstream:remotename)%00%(upstream:remoteref) refs/heads/main refs/remotes/main [8ms]
2024-11-26 16:22:32.959 [info] > git for-each-ref --sort -committerdate --format %(refname) %(objectname) %(*objectname) [3ms]
2024-11-26 16:22:32.995 [info] > git status -z -uall [69ms]
2024-11-26 16:22:33.000 [info] > git check-ignore -v -z --stdin [8ms]
2024-11-26 16:22:38.011 [info] > git config --get commit.template [1ms]
2024-11-26 16:22:38.023 [info] > git for-each-ref --format=%(refname)%00%(upstream:short)%00%(objectname)%00%(upstream:track)%00%(upstream:remotename)%00%(upstream:remoteref) refs/heads/main refs/remotes/main [2ms]
2024-11-26 16:22:38.047 [info] > git for-each-ref --sort -committerdate --format %(refname) %(objectname) %(*objectname) [1ms]
2024-11-26 16:22:38.081 [info] > git status -z -uall [49ms]
2024-11-26 16:22:42.763 [info] > git ls-tree -l 1e362a7824e547a7b98abe7a46b05b7c023e1afc -- /home/clinton/arch-hypr-dots/home/user/.bashrc.d/scripts [10ms]
2024-11-26 16:22:42.763 [info] > git ls-tree -l ca4424ecaaccc32bd468653d0a6bb09261d5d835 -- /home/clinton/arch-hypr-dots/home/user/.bashrc.d/prompt [17ms]
2024-11-26 16:22:42.764 [info] > git ls-tree -l 1e362a7824e547a7b98abe7a46b05b7c023e1afc -- /home/clinton/arch-hypr-dots/home/user/.bashrc.d/prompt [26ms]
2024-11-26 16:22:42.764 [info] > git ls-tree -l ca4424ecaaccc32bd468653d0a6bb09261d5d835 -- /home/clinton/arch-hypr-dots/home/user/.bashrc.d/pkgs.d/pkgs/nvm [33ms]
2024-11-26 16:22:42.765 [info] > git ls-tree -l 1e362a7824e547a7b98abe7a46b05b7c023e1afc -- /home/clinton/arch-hypr-dots/home/user/.bashrc.d/pkgs.d/pkgs/nvm [41ms]
2024-11-26 16:22:42.765 [info] > git ls-tree -l ca4424ecaaccc32bd468653d0a6bb09261d5d835 -- /home/clinton/arch-hypr-dots/home/user/.bashrc.d/pkgs.d/pkg-init [50ms]
2024-11-26 16:22:42.765 [info] > git ls-tree -l 1e362a7824e547a7b98abe7a46b05b7c023e1afc -- /home/clinton/arch-hypr-dots/home/user/.bashrc.d/pkgs.d/pkg-init [58ms]
2024-11-26 16:22:42.765 [info] > git ls-tree -l ca4424ecaaccc32bd468653d0a6bb09261d5d835 -- /home/clinton/arch-hypr-dots/home/user/.bashrc.d/functions [66ms]
2024-11-26 16:22:42.766 [info] > git ls-tree -l 1e362a7824e547a7b98abe7a46b05b7c023e1afc -- /home/clinton/arch-hypr-dots/home/user/.bashrc.d/functions [74ms]
2024-11-26 16:22:42.766 [info] > git ls-tree -l ca4424ecaaccc32bd468653d0a6bb09261d5d835 -- /home/clinton/arch-hypr-dots/home/user/.bashrc.d/final-inits [83ms]
2024-11-26 16:22:42.766 [info] > git ls-tree -l 1e362a7824e547a7b98abe7a46b05b7c023e1afc -- /home/clinton/arch-hypr-dots/home/user/.bashrc.d/final-inits [90ms]
2024-11-26 16:22:42.766 [info] > git ls-tree -l ca4424ecaaccc32bd468653d0a6bb09261d5d835 -- /home/clinton/arch-hypr-dots/home/user/.bashrc.d/env-vars [98ms]
2024-11-26 16:22:42.767 [info] > git ls-tree -l 1e362a7824e547a7b98abe7a46b05b7c023e1afc -- /home/clinton/arch-hypr-dots/home/user/.bashrc.d/env-vars [106ms]
2024-11-26 16:22:42.767 [info] > git ls-tree -l ca4424ecaaccc32bd468653d0a6bb09261d5d835 -- /home/clinton/arch-hypr-dots/home/user/.bashrc.d/check [114ms]
2024-11-26 16:22:42.767 [info] > git ls-tree -l 1e362a7824e547a7b98abe7a46b05b7c023e1afc -- /home/clinton/arch-hypr-dots/home/user/.bashrc.d/check [122ms]
2024-11-26 16:22:42.768 [info] > git ls-tree -l ca4424ecaaccc32bd468653d0a6bb09261d5d835 -- /home/clinton/arch-hypr-dots/home/user/.bashrc.d/aliases [130ms]
2024-11-26 16:22:42.768 [info] > git ls-tree -l 1e362a7824e547a7b98abe7a46b05b7c023e1afc -- /home/clinton/arch-hypr-dots/home/user/.bashrc.d/aliases [140ms]
2024-11-26 16:22:42.768 [info] > git ls-tree -l ca4424ecaaccc32bd468653d0a6bb09261d5d835 -- /home/clinton/arch-hypr-dots/home/user/.bashrc [152ms]
2024-11-26 16:22:42.768 [info] > git ls-tree -l 1e362a7824e547a7b98abe7a46b05b7c023e1afc -- /home/clinton/arch-hypr-dots/home/user/.bashrc [171ms]
2024-11-26 16:22:42.801 [info] > git ls-tree -l ca4424ecaaccc32bd468653d0a6bb09261d5d835 -- /home/clinton/arch-hypr-dots/home/user/.config/nvim/lazy-lock.json [2ms]
2024-11-26 16:22:42.802 [info] > git ls-tree -l 1e362a7824e547a7b98abe7a46b05b7c023e1afc -- /home/clinton/arch-hypr-dots/home/user/.config/nvim/lazy-lock.json [11ms]
2024-11-26 16:22:42.802 [info] > git ls-tree -l ca4424ecaaccc32bd468653d0a6bb09261d5d835 -- /home/clinton/arch-hypr-dots/home/user/.bashrc.d/shell-opts [18ms]
2024-11-26 16:22:42.802 [info] > git ls-tree -l 1e362a7824e547a7b98abe7a46b05b7c023e1afc -- /home/clinton/arch-hypr-dots/home/user/.bashrc.d/shell-opts [25ms]
2024-11-26 16:22:42.802 [info] > git ls-tree -l ca4424ecaaccc32bd468653d0a6bb09261d5d835 -- /home/clinton/arch-hypr-dots/home/user/.bashrc.d/scripts [41ms]
2024-11-26 16:22:42.952 [info] > git show --textconv 1e362a7824e547a7b98abe7a46b05b7c023e1afc:home/user/.bashrc.d/scripts [142ms]
2024-11-26 16:22:42.952 [info] > git show --textconv ca4424ecaaccc32bd468653d0a6bb09261d5d835:home/user/.bashrc.d/prompt [135ms]
2024-11-26 16:22:42.952 [info] > git show --textconv 1e362a7824e547a7b98abe7a46b05b7c023e1afc:home/user/.bashrc.d/prompt [127ms]
2024-11-26 16:22:42.952 [info] > git show --textconv ca4424ecaaccc32bd468653d0a6bb09261d5d835:home/user/.bashrc.d/pkgs.d/pkgs/nvm [120ms]
2024-11-26 16:22:42.952 [info] > git show --textconv 1e362a7824e547a7b98abe7a46b05b7c023e1afc:home/user/.bashrc.d/pkgs.d/pkgs/nvm [112ms]
2024-11-26 16:22:42.952 [info] > git show --textconv ca4424ecaaccc32bd468653d0a6bb09261d5d835:home/user/.bashrc.d/pkgs.d/pkg-init [105ms]
2024-11-26 16:22:42.952 [info] > git show --textconv 1e362a7824e547a7b98abe7a46b05b7c023e1afc:home/user/.bashrc.d/pkgs.d/pkg-init [97ms]
2024-11-26 16:22:42.952 [info] > git show --textconv ca4424ecaaccc32bd468653d0a6bb09261d5d835:home/user/.bashrc.d/functions [90ms]
2024-11-26 16:22:42.953 [info] > git show --textconv 1e362a7824e547a7b98abe7a46b05b7c023e1afc:home/user/.bashrc.d/functions [82ms]
2024-11-26 16:22:42.953 [info] > git show --textconv ca4424ecaaccc32bd468653d0a6bb09261d5d835:home/user/.bashrc.d/final-inits [76ms]
2024-11-26 16:22:42.953 [info] > git show --textconv 1e362a7824e547a7b98abe7a46b05b7c023e1afc:home/user/.bashrc.d/final-inits [69ms]
2024-11-26 16:22:42.953 [info] > git show --textconv ca4424ecaaccc32bd468653d0a6bb09261d5d835:home/user/.bashrc.d/env-vars [61ms]
2024-11-26 16:22:42.953 [info] > git show --textconv 1e362a7824e547a7b98abe7a46b05b7c023e1afc:home/user/.bashrc.d/env-vars [54ms]
2024-11-26 16:22:42.953 [info] > git show --textconv ca4424ecaaccc32bd468653d0a6bb09261d5d835:home/user/.bashrc.d/check [46ms]
2024-11-26 16:22:42.953 [info] > git show --textconv 1e362a7824e547a7b98abe7a46b05b7c023e1afc:home/user/.bashrc.d/check [39ms]
2024-11-26 16:22:42.953 [info] > git show --textconv ca4424ecaaccc32bd468653d0a6bb09261d5d835:home/user/.bashrc.d/aliases [31ms]
2024-11-26 16:22:42.953 [info] > git show --textconv 1e362a7824e547a7b98abe7a46b05b7c023e1afc:home/user/.bashrc.d/aliases [23ms]
2024-11-26 16:22:42.953 [info] > git show --textconv ca4424ecaaccc32bd468653d0a6bb09261d5d835:home/user/.bashrc [14ms]
2024-11-26 16:22:42.953 [info] > git show --textconv 1e362a7824e547a7b98abe7a46b05b7c023e1afc:home/user/.bashrc [5ms]
2024-11-26 16:22:43.012 [info] > git show --textconv ca4424ecaaccc32bd468653d0a6bb09261d5d835:home/user/.config/nvim/lazy-lock.json [44ms]
2024-11-26 16:22:43.012 [info] > git show --textconv 1e362a7824e547a7b98abe7a46b05b7c023e1afc:home/user/.config/nvim/lazy-lock.json [34ms]
2024-11-26 16:22:43.012 [info] > git show --textconv ca4424ecaaccc32bd468653d0a6bb09261d5d835:home/user/.bashrc.d/shell-opts [24ms]
2024-11-26 16:22:43.012 [info] > git show --textconv 1e362a7824e547a7b98abe7a46b05b7c023e1afc:home/user/.bashrc.d/shell-opts [14ms]
2024-11-26 16:22:43.012 [info] > git show --textconv ca4424ecaaccc32bd468653d0a6bb09261d5d835:home/user/.bashrc.d/scripts [5ms]
2024-11-26 16:22:43.139 [info] > git config --get commit.template [26ms]
2024-11-26 16:22:43.142 [info] > git for-each-ref --format=%(refname)%00%(upstream:short)%00%(objectname)%00%(upstream:track)%00%(upstream:remotename)%00%(upstream:remoteref) refs/heads/main refs/remotes/main [5ms]
2024-11-26 16:22:43.184 [info] > git for-each-ref --sort -committerdate --format %(refname) %(objectname) %(*objectname) [3ms]
2024-11-26 16:22:43.209 [info] > git status -z -uall [49ms]
2024-11-26 16:22:48.264 [info] > git config --get commit.template [26ms]
2024-11-26 16:22:48.268 [info] > git for-each-ref --format=%(refname)%00%(upstream:short)%00%(objectname)%00%(upstream:track)%00%(upstream:remotename)%00%(upstream:remoteref) refs/heads/main refs/remotes/main [5ms]
2024-11-26 16:22:48.326 [info] > git for-each-ref --sort -committerdate --format %(refname) %(objectname) %(*objectname) [2ms]
2024-11-26 16:22:48.350 [info] > git status -z -uall [59ms]
2024-11-26 16:22:53.406 [info] > git config --get commit.template [26ms]
2024-11-26 16:22:53.410 [info] > git for-each-ref --format=%(refname)%00%(upstream:short)%00%(objectname)%00%(upstream:track)%00%(upstream:remotename)%00%(upstream:remoteref) refs/heads/main refs/remotes/main [6ms]
2024-11-26 16:22:53.457 [info] > git for-each-ref --sort -committerdate --format %(refname) %(objectname) %(*objectname) [3ms]
2024-11-26 16:22:53.481 [info] > git status -z -uall [51ms]
2024-11-26 16:22:58.876 [info] > git config --get commit.template [5ms]
2024-11-26 16:22:58.904 [info] > git for-each-ref --format=%(refname)%00%(upstream:short)%00%(objectname)%00%(upstream:track)%00%(upstream:remotename)%00%(upstream:remoteref) refs/heads/main refs/remotes/main [6ms]
2024-11-26 16:22:58.959 [info] > git for-each-ref --sort -committerdate --format %(refname) %(objectname) %(*objectname) [2ms]
2024-11-26 16:22:58.984 [info] > git status -z -uall [55ms]
2024-11-26 16:23:08.627 [info] > git config --get commit.template [4ms]
2024-11-26 16:23:08.653 [info] > git for-each-ref --format=%(refname)%00%(upstream:short)%00%(objectname)%00%(upstream:track)%00%(upstream:remotename)%00%(upstream:remoteref) refs/heads/main refs/remotes/main [5ms]
2024-11-26 16:23:08.679 [info] > git for-each-ref --sort -committerdate --format %(refname) %(objectname) %(*objectname) [1ms]
2024-11-26 16:23:08.704 [info] > git status -z -uall [40ms]
2024-11-26 16:23:15.681 [info] > git config --get commit.template [8ms]
2024-11-26 16:23:15.682 [info] > git for-each-ref --format=%(refname)%00%(upstream:short)%00%(objectname)%00%(upstream:track)%00%(upstream:remotename)%00%(upstream:remoteref) refs/heads/main refs/remotes/main [1ms]
2024-11-26 16:23:15.706 [info] > git for-each-ref --sort -committerdate --format %(refname) %(objectname) %(*objectname) [2ms]
2024-11-26 16:23:15.728 [info] > git status -z -uall [38ms]
