(VSCode) 2024-11-26 16:14:04.264 [INFO]: No proxy settings found
(VSCode) 2024-11-26 16:14:05.709 [INFO]: Checking network connection...
(VSCode) 2024-11-26 16:14:05.767 [INFO]: Creating manager directory: /tmp/509d391b-48b1-455f-87b6-326e43aeb32c/codeium/manager
(VSCode) 2024-11-26 16:14:05.769 [INFO]: ef806f7cf5ef5903f9da0506527ae0e7897e84db not found, downloading language server
(VSCode) 2024-11-26 16:14:05.770 [INFO]: No proxy settings found
(VSCode) 2024-11-26 16:14:06.657 [INFO]: No Network Issue connecting to https://server.codeium.com/healthz
(VSCode) 2024-11-26 16:14:11.590 [INFO]: Language server started
2024/11/26 16:14:11 maxprocs: Leaving GOMAXPROCS=4: CPU quota undefined
I1126 16:14:11.692360 19070 main.go:559] [Language Server Manager] Setting GOMAXPROCS to 4
I1126 16:14:11.692424 19070 main.go:695] [Language Server Manager] Release 1.24.8 (ef806f7cf5ef5903f9da0506527ae0e7897e84db)
I1126 16:14:11.692481 19070 main.go:774] [Language Server Manager] Starting language server manager with pid 19070
I1126 16:14:11.692596 19070 main.go:124] [Language Server Manager] Manager acquired its lock file /tmp/509d391b-48b1-455f-87b6-326e43aeb32c/codeium/manager/locks/manager.lock
I1126 16:14:11.693264 19070 main.go:265] [Language Server Manager] Waiting for random port file in /tmp/509d391b-48b1-455f-87b6-326e43aeb32c/codeium/manager/child_random_port_1732630451692781341_5085393792721699468 to be created
2024/11/26 16:14:11 maxprocs: Leaving GOMAXPROCS=4: CPU quota undefined
I1126 16:14:11.776634 19078 main.go:559] Setting GOMAXPROCS to 4
I1126 16:14:11.776700 19078 main.go:768] Starting language server process with pid 19078
I1126 16:14:11.776740 19078 server.go:188] Language server will attempt to listen on host 127.0.0.1
I1126 16:14:11.776880 19078 server.go:195] Language server listening on random port at 39469
I1126 16:14:12.673454 19078 unleash.go:94] Initializing Unleash
I1126 16:14:13.503593 19078 unleash.go:114] Successfully initialized Unleash
I1126 16:14:13.526638 19078 web_server.go:259] Chat Web Server listening at ws://127.0.0.1:43229
E1126 16:14:13.541036 19078 client_manager.go:275] Metadata is nil when trying to refresh user JWT
I1126 16:14:13.541606 19078 server.go:451] Successfully created API server client
I1126 16:14:13.585298 19078 server.go:466] Successfully initialized tokenizer
I1126 16:14:13.741836 19078 server.go:621] Local search is enabled, will index local files.
I1126 16:14:13.741862 19078 server.go:625] Using 1 indexer workers
I1126 16:14:13.780422 19078 sqlite_faiss_db_client.go:64] Successfully created embedding search database in 38ms
I1126 16:14:13.780806 19078 indexer.go:213] Using 4 embed workers
I1126 16:14:13.780845 19078 search_provider.go:274] Successfully created and started indexer
I1126 16:14:13.780868 19078 search_provider.go:304] Successfully created embedding search provider
I1126 16:14:13.785168 19078 server.go:711] Successfully created completion provider
I1126 16:14:13.785219 19078 server.go:760] Child process attempting to acquire lock file /tmp/509d391b-48b1-455f-87b6-326e43aeb32c/codeium/manager/locks/child_lock_1732630451692810907_6814388257908952638
I1126 16:14:13.785302 19078 server.go:768] Child process acquired lock file /tmp/509d391b-48b1-455f-87b6-326e43aeb32c/codeium/manager/locks/child_lock_1732630451692810907_6814388257908952638
I1126 16:14:13.791199 19078 server.go:302] LSP listening on random port at 40309
40309
I1126 16:14:13.804582 19070 main.go:301] [Language Server Manager] Found random server port 39469
I1126 16:14:13.804668 19070 main.go:302] [Language Server Manager] Found random lsp port 40309
I1126 16:14:13.804700 19070 main.go:309] [Language Server Manager] Attempting to connect to language server at 127.0.0.1:39469
I1126 16:14:13.816557 19070 main.go:178] [Language Server Manager] Fixing language server port at 39469
I1126 16:14:13.816576 19070 main.go:361] [Language Server Manager] Successfully connected to new language server at 127.0.0.1:39469
(VSCode) 2024-11-26 16:14:13.833 [INFO]: Found language server running on port 39469
I1126 16:14:13.851181 19078 utils.go:227] Analyzing workspace files for /home/clinton/arch-hypr-dots
I1126 16:14:14.122566 19078 utils.go:281] Done analyzing workspace files for /home/clinton/arch-hypr-dots
I1126 16:14:18.155115 19078 lazy_model.go:31] Successfully created embedding store
E1126 16:15:19.509235 19078 embedding.go:41] GetEmbeddings error: 504 Gateway Time-out
(VSCode) 2024-11-26 16:16:29.491 [ERROR]: [invalid_argument] validation error:
 - metadata.api_key: value length must be at least 1 characters [string.min_len]: validation error:
 - metadata.api_key: value length must be at least 1 characters [string.min_len]
(VSCode) 2024-11-26 16:16:29.512 [INFO]: openAllTextDocuments took 5.40032099999371ms
